{"C:\\Users\\HP\\Documents\\stellar\\wraith\\src\\db.ts": {"path":"C:\\Users\\HP\\Documents\\stellar\\wraith\\src\\db.ts","statementMap":{"0":{"start":{"line":13,"column":0},"end":{"line":13,"column":16}},"1":{"start":{"line":175,"column":0},"end":{"line":175,"column":7}},"2":{"start":{"line":196,"column":0},"end":{"line":196,"column":7}},"3":{"start":{"line":206,"column":0},"end":{"line":206,"column":7}},"4":{"start":{"line":218,"column":0},"end":{"line":218,"column":7}},"5":{"start":{"line":234,"column":0},"end":{"line":234,"column":7}},"6":{"start":{"line":245,"column":0},"end":{"line":245,"column":7}},"7":{"start":{"line":257,"column":0},"end":{"line":257,"column":7}},"8":{"start":{"line":268,"column":0},"end":{"line":268,"column":7}},"9":{"start":{"line":307,"column":0},"end":{"line":307,"column":7}},"10":{"start":{"line":398,"column":0},"end":{"line":398,"column":7}},"11":{"start":{"line":425,"column":0},"end":{"line":425,"column":7}},"12":{"start":{"line":455,"column":0},"end":{"line":455,"column":7}},"13":{"start":{"line":468,"column":0},"end":{"line":468,"column":7}},"14":{"start":{"line":487,"column":0},"end":{"line":487,"column":7}},"15":{"start":{"line":519,"column":0},"end":{"line":519,"column":7}},"16":{"start":{"line":553,"column":0},"end":{"line":553,"column":7}},"17":{"start":{"line":629,"column":0},"end":{"line":629,"column":7}},"18":{"start":{"line":655,"column":0},"end":{"line":655,"column":7}},"19":{"start":{"line":720,"column":0},"end":{"line":720,"column":7}},"20":{"start":{"line":754,"column":0},"end":{"line":754,"column":7}},"21":{"start":{"line":827,"column":0},"end":{"line":827,"column":7}},"22":{"start":{"line":930,"column":0},"end":{"line":930,"column":7}},"23":{"start":{"line":1,"column":0},"end":{"line":1,"column":54}},"24":{"start":{"line":3,"column":0},"end":{"line":3,"column":108}},"25":{"start":{"line":4,"column":0},"end":{"line":4,"column":57}},"26":{"start":{"line":11,"column":16},"end":{"line":11,"column":27}},"27":{"start":{"line":14,"column":14},"end":{"line":14,"column":28}},"28":{"start":{"line":15,"column":14},"end":{"line":15,"column":35}},"29":{"start":{"line":16,"column":18},"end":{"line":16,"column":31}},"30":{"start":{"line":17,"column":20},"end":{"line":17,"column":33}},"31":{"start":{"line":18,"column":15},"end":{"line":18,"column":34}},"32":{"start":{"line":19,"column":2},"end":{"line":19,"column":67}},"33":{"start":{"line":22,"column":0},"end":{"line":22,"column":47}},"34":{"start":{"line":26,"column":24},"end":{"line":26,"column":74}},"35":{"start":{"line":28,"column":20},"end":{"line":30,"column":6}},"36":{"start":{"line":29,"column":56},"end":{"line":29,"column":64}},"37":{"start":{"line":32,"column":13},"end":{"line":42,"column":4}},"38":{"start":{"line":44,"column":0},"end":{"line":44,"column":75}},"39":{"start":{"line":44,"column":43},"end":{"line":44,"column":75}},"40":{"start":{"line":66,"column":2},"end":{"line":68,"column":3}},"41":{"start":{"line":67,"column":4},"end":{"line":67,"column":38}},"42":{"start":{"line":70,"column":19},"end":{"line":70,"column":39}},"43":{"start":{"line":71,"column":2},"end":{"line":74,"column":4}},"44":{"start":{"line":82,"column":2},"end":{"line":82,"column":64}},"45":{"start":{"line":82,"column":27},"end":{"line":82,"column":62}},"46":{"start":{"line":85,"column":35},"end":{"line":100,"column":2}},"47":{"start":{"line":102,"column":39},"end":{"line":113,"column":2}},"48":{"start":{"line":115,"column":42},"end":{"line":128,"column":2}},"49":{"start":{"line":130,"column":29},"end":{"line":142,"column":2}},"50":{"start":{"line":144,"column":33},"end":{"line":155,"column":2}},"51":{"start":{"line":157,"column":36},"end":{"line":167,"column":2}},"52":{"start":{"line":179,"column":2},"end":{"line":179,"column":37}},"53":{"start":{"line":179,"column":28},"end":{"line":179,"column":37}},"54":{"start":{"line":180,"column":14},"end":{"line":180,"column":37}},"55":{"start":{"line":183,"column":17},"end":{"line":186,"column":4}},"56":{"start":{"line":184,"column":30},"end":{"line":184,"column":52}},"57":{"start":{"line":188,"column":2},"end":{"line":188,"column":22}},"58":{"start":{"line":197,"column":16},"end":{"line":199,"column":4}},"59":{"start":{"line":200,"column":2},"end":{"line":200,"column":42}},"60":{"start":{"line":209,"column":16},"end":{"line":211,"column":4}},"61":{"start":{"line":212,"column":2},"end":{"line":212,"column":65}},"62":{"start":{"line":219,"column":14},"end":{"line":219,"column":37}},"63":{"start":{"line":220,"column":2},"end":{"line":224,"column":5}},"64":{"start":{"line":237,"column":16},"end":{"line":239,"column":4}},"65":{"start":{"line":240,"column":2},"end":{"line":242,"column":11}},"66":{"start":{"line":249,"column":14},"end":{"line":249,"column":37}},"67":{"start":{"line":250,"column":2},"end":{"line":254,"column":5}},"68":{"start":{"line":258,"column":2},"end":{"line":258,"column":90}},"69":{"start":{"line":262,"column":23},"end":{"line":262,"column":71}},"70":{"start":{"line":269,"column":14},"end":{"line":269,"column":37}},"71":{"start":{"line":270,"column":17},"end":{"line":270,"column":27}},"72":{"start":{"line":271,"column":2},"end":{"line":271,"column":52}},"73":{"start":{"line":275,"column":17},"end":{"line":277,"column":4}},"74":{"start":{"line":279,"column":2},"end":{"line":283,"column":3}},"75":{"start":{"line":280,"column":4},"end":{"line":282,"column":6}},"76":{"start":{"line":285,"column":2},"end":{"line":285,"column":22}},"77":{"start":{"line":324,"column":6},"end":{"line":324,"column":12}},"78":{"start":{"line":326,"column":52},"end":{"line":348,"column":4}},"79":{"start":{"line":350,"column":21},"end":{"line":350,"column":67}},"80":{"start":{"line":351,"column":48},"end":{"line":353,"column":15}},"81":{"start":{"line":355,"column":26},"end":{"line":355,"column":89}},"82":{"start":{"line":356,"column":23},"end":{"line":371,"column":15}},"83":{"start":{"line":373,"column":14},"end":{"line":373,"column":34}},"84":{"start":{"line":374,"column":19},"end":{"line":374,"column":39}},"85":{"start":{"line":376,"column":29},"end":{"line":385,"column":4}},"86":{"start":{"line":387,"column":15},"end":{"line":387,"column":69}},"87":{"start":{"line":389,"column":2},"end":{"line":395,"column":4}},"88":{"start":{"line":392,"column":30},"end":{"line":392,"column":90}},"89":{"start":{"line":399,"column":2},"end":{"line":402,"column":5}},"90":{"start":{"line":426,"column":61},"end":{"line":426,"column":67}},"91":{"start":{"line":430,"column":35},"end":{"line":433,"column":4}},"92":{"start":{"line":434,"column":2},"end":{"line":434,"column":76}},"93":{"start":{"line":434,"column":18},"end":{"line":434,"column":76}},"94":{"start":{"line":435,"column":2},"end":{"line":435,"column":79}},"95":{"start":{"line":435,"column":18},"end":{"line":435,"column":79}},"96":{"start":{"line":436,"column":2},"end":{"line":436,"column":77}},"97":{"start":{"line":436,"column":18},"end":{"line":436,"column":77}},"98":{"start":{"line":438,"column":16},"end":{"line":438,"column":48}},"99":{"start":{"line":440,"column":2},"end":{"line":450,"column":4}},"100":{"start":{"line":459,"column":2},"end":{"line":459,"column":37}},"101":{"start":{"line":459,"column":28},"end":{"line":459,"column":37}},"102":{"start":{"line":460,"column":14},"end":{"line":460,"column":37}},"103":{"start":{"line":461,"column":17},"end":{"line":464,"column":4}},"104":{"start":{"line":462,"column":30},"end":{"line":462,"column":52}},"105":{"start":{"line":465,"column":2},"end":{"line":465,"column":22}},"106":{"start":{"line":473,"column":2},"end":{"line":478,"column":5}},"107":{"start":{"line":491,"column":14},"end":{"line":491,"column":37}},"108":{"start":{"line":496,"column":77},"end":{"line":505,"column":4}},"109":{"start":{"line":508,"column":4},"end":{"line":508,"column":104}},"110":{"start":{"line":510,"column":2},"end":{"line":514,"column":3}},"111":{"start":{"line":511,"column":4},"end":{"line":511,"column":102}},"112":{"start":{"line":513,"column":4},"end":{"line":513,"column":89}},"113":{"start":{"line":516,"column":2},"end":{"line":516,"column":22}},"114":{"start":{"line":525,"column":14},"end":{"line":525,"column":37}},"115":{"start":{"line":526,"column":2},"end":{"line":536,"column":5}},"116":{"start":{"line":566,"column":6},"end":{"line":566,"column":12}},"117":{"start":{"line":568,"column":50},"end":{"line":581,"column":4}},"118":{"start":{"line":583,"column":21},"end":{"line":583,"column":71}},"119":{"start":{"line":584,"column":46},"end":{"line":586,"column":15}},"120":{"start":{"line":588,"column":26},"end":{"line":588,"column":93}},"121":{"start":{"line":589,"column":23},"end":{"line":602,"column":15}},"122":{"start":{"line":604,"column":14},"end":{"line":604,"column":34}},"123":{"start":{"line":605,"column":19},"end":{"line":605,"column":39}},"124":{"start":{"line":606,"column":29},"end":{"line":615,"column":4}},"125":{"start":{"line":617,"column":15},"end":{"line":617,"column":69}},"126":{"start":{"line":619,"column":2},"end":{"line":623,"column":4}},"127":{"start":{"line":634,"column":17},"end":{"line":638,"column":4}},"128":{"start":{"line":639,"column":2},"end":{"line":639,"column":35}},"129":{"start":{"line":659,"column":2},"end":{"line":659,"column":35}},"130":{"start":{"line":659,"column":28},"end":{"line":659,"column":35}},"131":{"start":{"line":662,"column":22},"end":{"line":662,"column":45}},"132":{"start":{"line":665,"column":17},"end":{"line":665,"column":null}},"133":{"start":{"line":670,"column":16},"end":{"line":681,"column":3}},"134":{"start":{"line":671,"column":16},"end":{"line":671,"column":42}},"135":{"start":{"line":672,"column":17},"end":{"line":672,"column":105}},"136":{"start":{"line":673,"column":4},"end":{"line":680,"column":7}},"137":{"start":{"line":683,"column":2},"end":{"line":687,"column":3}},"138":{"start":{"line":684,"column":16},"end":{"line":684,"column":30}},"139":{"start":{"line":685,"column":4},"end":{"line":685,"column":77}},"140":{"start":{"line":685,"column":21},"end":{"line":685,"column":77}},"141":{"start":{"line":686,"column":4},"end":{"line":686,"column":77}},"142":{"start":{"line":686,"column":21},"end":{"line":686,"column":77}},"143":{"start":{"line":689,"column":2},"end":{"line":713,"column":3}},"144":{"start":{"line":690,"column":24},"end":{"line":690,"column":39}},"145":{"start":{"line":691,"column":24},"end":{"line":691,"column":43}},"146":{"start":{"line":692,"column":24},"end":{"line":692,"column":52}},"147":{"start":{"line":699,"column":4},"end":{"line":712,"column":6}},"148":{"start":{"line":725,"column":2},"end":{"line":740,"column":5}},"149":{"start":{"line":755,"column":91},"end":{"line":755,"column":97}},"150":{"start":{"line":757,"column":53},"end":{"line":761,"column":4}},"151":{"start":{"line":763,"column":21},"end":{"line":763,"column":74}},"152":{"start":{"line":764,"column":49},"end":{"line":766,"column":15}},"153":{"start":{"line":768,"column":26},"end":{"line":768,"column":96}},"154":{"start":{"line":769,"column":23},"end":{"line":781,"column":15}},"155":{"start":{"line":783,"column":14},"end":{"line":783,"column":34}},"156":{"start":{"line":784,"column":19},"end":{"line":784,"column":39}},"157":{"start":{"line":785,"column":24},"end":{"line":794,"column":4}},"158":{"start":{"line":796,"column":15},"end":{"line":796,"column":64}},"159":{"start":{"line":798,"column":2},"end":{"line":806,"column":4}},"160":{"start":{"line":801,"column":33},"end":{"line":801,"column":46}},"161":{"start":{"line":802,"column":37},"end":{"line":802,"column":54}},"162":{"start":{"line":803,"column":27},"end":{"line":803,"column":34}},"163":{"start":{"line":843,"column":6},"end":{"line":843,"column":12}},"164":{"start":{"line":845,"column":52},"end":{"line":867,"column":4}},"165":{"start":{"line":869,"column":21},"end":{"line":869,"column":67}},"166":{"start":{"line":870,"column":48},"end":{"line":872,"column":15}},"167":{"start":{"line":874,"column":14},"end":{"line":874,"column":34}},"168":{"start":{"line":875,"column":19},"end":{"line":875,"column":39}},"169":{"start":{"line":876,"column":26},"end":{"line":876,"column":89}},"170":{"start":{"line":877,"column":23},"end":{"line":892,"column":15}},"171":{"start":{"line":894,"column":24},"end":{"line":903,"column":4}},"172":{"start":{"line":905,"column":15},"end":{"line":905,"column":64}},"173":{"start":{"line":907,"column":20},"end":{"line":910,"column":4}},"174":{"start":{"line":908,"column":28},"end":{"line":908,"column":88}},"175":{"start":{"line":909,"column":26},"end":{"line":909,"column":111}},"176":{"start":{"line":912,"column":2},"end":{"line":912,"column":59}},"177":{"start":{"line":931,"column":51},"end":{"line":931,"column":57}},"178":{"start":{"line":932,"column":14},"end":{"line":932,"column":37}},"179":{"start":{"line":933,"column":14},"end":{"line":933,"column":34}},"180":{"start":{"line":935,"column":22},"end":{"line":937,"column":31}},"181":{"start":{"line":941,"column":22},"end":{"line":945,"column":4}},"182":{"start":{"line":946,"column":16},"end":{"line":946,"column":50}},"183":{"start":{"line":948,"column":17},"end":{"line":959,"column":4}},"184":{"start":{"line":961,"column":2},"end":{"line":961,"column":27}}},"fnMap":{"0":{"name":"toDisplayAmount","decl":{"start":{"line":13,"column":16},"end":{"line":13,"column":31}},"loc":{"start":{"line":13,"column":46},"end":{"line":20,"column":1}}},"1":{"name":"(anonymous_1)","decl":{"start":{"line":29,"column":49},"end":{"line":29,"column":50}},"loc":{"start":{"line":29,"column":56},"end":{"line":29,"column":64}}},"2":{"name":"buildListPage","decl":{"start":{"line":65,"column":9},"end":{"line":65,"column":22}},"loc":{"start":{"line":65,"column":73},"end":{"line":75,"column":1}}},"3":{"name":"selectRows","decl":{"start":{"line":77,"column":9},"end":{"line":77,"column":19}},"loc":{"start":{"line":80,"column":51},"end":{"line":83,"column":1}}},"4":{"name":"(anonymous_4)","decl":{"start":{"line":82,"column":18},"end":{"line":82,"column":19}},"loc":{"start":{"line":82,"column":27},"end":{"line":82,"column":62}}},"5":{"name":"upsertTransfers","decl":{"start":{"line":175,"column":22},"end":{"line":175,"column":37}},"loc":{"start":{"line":177,"column":19},"end":{"line":189,"column":1}}},"6":{"name":"(anonymous_6)","decl":{"start":{"line":184,"column":22},"end":{"line":184,"column":23}},"loc":{"start":{"line":184,"column":30},"end":{"line":184,"column":52}}},"7":{"name":"getLastIndexedLedger","decl":{"start":{"line":196,"column":22},"end":{"line":196,"column":42}},"loc":{"start":{"line":196,"column":60},"end":{"line":201,"column":1}}},"8":{"name":"getLastIndexedState","decl":{"start":{"line":206,"column":22},"end":{"line":206,"column":41}},"loc":{"start":{"line":207,"column":19},"end":{"line":213,"column":1}}},"9":{"name":"setLastIndexedLedger","decl":{"start":{"line":218,"column":22},"end":{"line":218,"column":42}},"loc":{"start":{"line":218,"column":76},"end":{"line":225,"column":1}}},"10":{"name":"getBackfillCursor","decl":{"start":{"line":234,"column":22},"end":{"line":234,"column":39}},"loc":{"start":{"line":235,"column":19},"end":{"line":243,"column":1}}},"11":{"name":"setBackfillCursor","decl":{"start":{"line":245,"column":22},"end":{"line":245,"column":39}},"loc":{"start":{"line":247,"column":19},"end":{"line":255,"column":1}}},"12":{"name":"clearBackfillCursor","decl":{"start":{"line":257,"column":22},"end":{"line":257,"column":41}},"loc":{"start":{"line":257,"column":59},"end":{"line":259,"column":1}}},"13":{"name":"pruneOldTransfers","decl":{"start":{"line":268,"column":22},"end":{"line":268,"column":39}},"loc":{"start":{"line":268,"column":57},"end":{"line":286,"column":1}}},"14":{"name":"queryTransfers","decl":{"start":{"line":307,"column":22},"end":{"line":307,"column":36}},"loc":{"start":{"line":307,"column":64},"end":{"line":396,"column":1}}},"15":{"name":"(anonymous_15)","decl":{"start":{"line":392,"column":21},"end":{"line":392,"column":22}},"loc":{"start":{"line":392,"column":30},"end":{"line":392,"column":90}}},"16":{"name":"queryByTxHash","decl":{"start":{"line":398,"column":22},"end":{"line":398,"column":35}},"loc":{"start":{"line":398,"column":69},"end":{"line":403,"column":1}}},"17":{"name":"querySummary","decl":{"start":{"line":425,"column":22},"end":{"line":425,"column":34}},"loc":{"start":{"line":425,"column":61},"end":{"line":451,"column":1}}},"18":{"name":"upsertNftTransfers","decl":{"start":{"line":455,"column":22},"end":{"line":455,"column":40}},"loc":{"start":{"line":457,"column":19},"end":{"line":466,"column":1}}},"19":{"name":"(anonymous_19)","decl":{"start":{"line":462,"column":22},"end":{"line":462,"column":23}},"loc":{"start":{"line":462,"column":30},"end":{"line":462,"column":52}}},"20":{"name":"getNftMetadata","decl":{"start":{"line":468,"column":22},"end":{"line":468,"column":36}},"loc":{"start":{"line":471,"column":19},"end":{"line":479,"column":1}}},"21":{"name":"rollbackToLedger","decl":{"start":{"line":487,"column":22},"end":{"line":487,"column":38}},"loc":{"start":{"line":489,"column":19},"end":{"line":517,"column":1}}},"22":{"name":"upsertNftMetadata","decl":{"start":{"line":519,"column":22},"end":{"line":519,"column":39}},"loc":{"start":{"line":523,"column":19},"end":{"line":537,"column":1}}},"23":{"name":"queryNftTransfers","decl":{"start":{"line":553,"column":22},"end":{"line":553,"column":39}},"loc":{"start":{"line":553,"column":70},"end":{"line":624,"column":1}}},"24":{"name":"getNftOwner","decl":{"start":{"line":629,"column":22},"end":{"line":629,"column":33}},"loc":{"start":{"line":632,"column":19},"end":{"line":640,"column":1}}},"25":{"name":"upsertAccountSummaries","decl":{"start":{"line":655,"column":22},"end":{"line":655,"column":44}},"loc":{"start":{"line":657,"column":19},"end":{"line":714,"column":1}}},"26":{"name":"(anonymous_26)","decl":{"start":{"line":670,"column":16},"end":{"line":670,"column":17}},"loc":{"start":{"line":670,"column":98},"end":{"line":681,"column":3}}},"27":{"name":"getAccountSummary","decl":{"start":{"line":720,"column":22},"end":{"line":720,"column":39}},"loc":{"start":{"line":723,"column":19},"end":{"line":741,"column":1}}},"28":{"name":"queryAccountSummaries","decl":{"start":{"line":754,"column":22},"end":{"line":754,"column":43}},"loc":{"start":{"line":754,"column":77},"end":{"line":807,"column":1}}},"29":{"name":"(anonymous_29)","decl":{"start":{"line":801,"column":24},"end":{"line":801,"column":25}},"loc":{"start":{"line":801,"column":33},"end":{"line":801,"column":46}}},"30":{"name":"(anonymous_30)","decl":{"start":{"line":802,"column":28},"end":{"line":802,"column":29}},"loc":{"start":{"line":802,"column":37},"end":{"line":802,"column":54}}},"31":{"name":"(anonymous_31)","decl":{"start":{"line":803,"column":18},"end":{"line":803,"column":19}},"loc":{"start":{"line":803,"column":27},"end":{"line":803,"column":34}}},"32":{"name":"queryAllTransfers","decl":{"start":{"line":827,"column":22},"end":{"line":827,"column":39}},"loc":{"start":{"line":827,"column":71},"end":{"line":913,"column":1}}},"33":{"name":"(anonymous_33)","decl":{"start":{"line":908,"column":19},"end":{"line":908,"column":20}},"loc":{"start":{"line":908,"column":28},"end":{"line":908,"column":88}}},"34":{"name":"(anonymous_34)","decl":{"start":{"line":909,"column":15},"end":{"line":909,"column":16}},"loc":{"start":{"line":909,"column":26},"end":{"line":909,"column":111}}},"35":{"name":"queryPopularAssets","decl":{"start":{"line":930,"column":22},"end":{"line":930,"column":40}},"loc":{"start":{"line":930,"column":73},"end":{"line":962,"column":1}}}},"branchMap":{"0":{"loc":{"start":{"line":15,"column":14},"end":{"line":15,"column":35}},"type":"cond-expr","locations":[{"start":{"line":15,"column":25},"end":{"line":15,"column":29}},{"start":{"line":15,"column":32},"end":{"line":15,"column":35}}]},"1":{"loc":{"start":{"line":18,"column":15},"end":{"line":18,"column":34}},"type":"cond-expr","locations":[{"start":{"line":18,"column":26},"end":{"line":18,"column":29}},{"start":{"line":18,"column":32},"end":{"line":18,"column":34}}]},"2":{"loc":{"start":{"line":28,"column":20},"end":{"line":30,"column":6}},"type":"cond-expr","locations":[{"start":{"line":29,"column":4},"end":{"line":29,"column":81}},{"start":{"line":30,"column":4},"end":{"line":30,"column":6}}]},"3":{"loc":{"start":{"line":33,"column":2},"end":{"line":41,"column":null}},"type":"binary-expr","locations":[{"start":{"line":33,"column":2},"end":{"line":33,"column":24}},{"start":{"line":34,"column":2},"end":{"line":41,"column":null}}]},"4":{"loc":{"start":{"line":37,"column":8},"end":{"line":39,"column":29}},"type":"cond-expr","locations":[{"start":{"line":38,"column":12},"end":{"line":38,"column":38}},{"start":{"line":39,"column":12},"end":{"line":39,"column":29}}]},"5":{"loc":{"start":{"line":44,"column":0},"end":{"line":44,"column":75}},"type":"if","locations":[{"start":{"line":44,"column":0},"end":{"line":44,"column":75}},{"start":{},"end":{}}]},"6":{"loc":{"start":{"line":66,"column":2},"end":{"line":68,"column":3}},"type":"if","locations":[{"start":{"line":66,"column":2},"end":{"line":68,"column":3}},{"start":{},"end":{}}]},"7":{"loc":{"start":{"line":80,"column":2},"end":{"line":80,"column":51}},"type":"default-arg","locations":[{"start":{"line":80,"column":49},"end":{"line":80,"column":51}}]},"8":{"loc":{"start":{"line":179,"column":2},"end":{"line":179,"column":37}},"type":"if","locations":[{"start":{"line":179,"column":2},"end":{"line":179,"column":37}},{"start":{},"end":{}}]},"9":{"loc":{"start":{"line":200,"column":9},"end":{"line":200,"column":41}},"type":"binary-expr","locations":[{"start":{"line":200,"column":9},"end":{"line":200,"column":33}},{"start":{"line":200,"column":37},"end":{"line":200,"column":41}}]},"10":{"loc":{"start":{"line":212,"column":30},"end":{"line":212,"column":62}},"type":"binary-expr","locations":[{"start":{"line":212,"column":30},"end":{"line":212,"column":54}},{"start":{"line":212,"column":58},"end":{"line":212,"column":62}}]},"11":{"loc":{"start":{"line":240,"column":9},"end":{"line":242,"column":10}},"type":"cond-expr","locations":[{"start":{"line":241,"column":6},"end":{"line":241,"column":98}},{"start":{"line":242,"column":6},"end":{"line":242,"column":10}}]},"12":{"loc":{"start":{"line":262,"column":32},"end":{"line":262,"column":66}},"type":"binary-expr","locations":[{"start":{"line":262,"column":32},"end":{"line":262,"column":58}},{"start":{"line":262,"column":62},"end":{"line":262,"column":66}}]},"13":{"loc":{"start":{"line":279,"column":2},"end":{"line":283,"column":3}},"type":"if","locations":[{"start":{"line":279,"column":2},"end":{"line":283,"column":3}},{"start":{},"end":{}}]},"14":{"loc":{"start":{"line":322,"column":4},"end":{"line":322,"column":14}},"type":"default-arg","locations":[{"start":{"line":322,"column":12},"end":{"line":322,"column":14}}]},"15":{"loc":{"start":{"line":323,"column":4},"end":{"line":323,"column":14}},"type":"default-arg","locations":[{"start":{"line":323,"column":13},"end":{"line":323,"column":14}}]},"16":{"loc":{"start":{"line":328,"column":8},"end":{"line":328,"column":84}},"type":"cond-expr","locations":[{"start":{"line":328,"column":35},"end":{"line":328,"column":57}},{"start":{"line":328,"column":60},"end":{"line":328,"column":84}}]},"17":{"loc":{"start":{"line":329,"column":8},"end":{"line":329,"column":40}},"type":"cond-expr","locations":[{"start":{"line":329,"column":21},"end":{"line":329,"column":35}},{"start":{"line":329,"column":38},"end":{"line":329,"column":40}}]},"18":{"loc":{"start":{"line":330,"column":8},"end":{"line":330,"column":42}},"type":"cond-expr","locations":[{"start":{"line":330,"column":16},"end":{"line":330,"column":37}},{"start":{"line":330,"column":40},"end":{"line":330,"column":42}}]},"19":{"loc":{"start":{"line":331,"column":8},"end":{"line":331,"column":67}},"type":"cond-expr","locations":[{"start":{"line":331,"column":29},"end":{"line":331,"column":62}},{"start":{"line":331,"column":65},"end":{"line":331,"column":67}}]},"20":{"loc":{"start":{"line":332,"column":8},"end":{"line":339,"column":10}},"type":"cond-expr","locations":[{"start":{"line":333,"column":8},"end":{"line":338,"column":null}},{"start":{"line":339,"column":8},"end":{"line":339,"column":10}}]},"21":{"loc":{"start":{"line":332,"column":8},"end":{"line":332,"column":30}},"type":"binary-expr","locations":[{"start":{"line":332,"column":8},"end":{"line":332,"column":18}},{"start":{"line":332,"column":22},"end":{"line":332,"column":30}}]},"22":{"loc":{"start":{"line":335,"column":16},"end":{"line":335,"column":53}},"type":"cond-expr","locations":[{"start":{"line":335,"column":29},"end":{"line":335,"column":48}},{"start":{"line":335,"column":51},"end":{"line":335,"column":53}}]},"23":{"loc":{"start":{"line":336,"column":16},"end":{"line":336,"column":49}},"type":"cond-expr","locations":[{"start":{"line":336,"column":27},"end":{"line":336,"column":44}},{"start":{"line":336,"column":47},"end":{"line":336,"column":49}}]},"24":{"loc":{"start":{"line":340,"column":8},"end":{"line":347,"column":10}},"type":"cond-expr","locations":[{"start":{"line":341,"column":8},"end":{"line":346,"column":null}},{"start":{"line":347,"column":8},"end":{"line":347,"column":10}}]},"25":{"loc":{"start":{"line":340,"column":8},"end":{"line":340,"column":26}},"type":"binary-expr","locations":[{"start":{"line":340,"column":8},"end":{"line":340,"column":16}},{"start":{"line":340,"column":20},"end":{"line":340,"column":26}}]},"26":{"loc":{"start":{"line":343,"column":16},"end":{"line":343,"column":49}},"type":"cond-expr","locations":[{"start":{"line":343,"column":27},"end":{"line":343,"column":44}},{"start":{"line":343,"column":47},"end":{"line":343,"column":49}}]},"27":{"loc":{"start":{"line":344,"column":16},"end":{"line":344,"column":45}},"type":"cond-expr","locations":[{"start":{"line":344,"column":25},"end":{"line":344,"column":40}},{"start":{"line":344,"column":43},"end":{"line":344,"column":45}}]},"28":{"loc":{"start":{"line":351,"column":48},"end":{"line":353,"column":15}},"type":"cond-expr","locations":[{"start":{"line":352,"column":6},"end":{"line":352,"column":72}},{"start":{"line":353,"column":6},"end":{"line":353,"column":15}}]},"29":{"loc":{"start":{"line":356,"column":23},"end":{"line":371,"column":15}},"type":"cond-expr","locations":[{"start":{"line":357,"column":6},"end":{"line":370,"column":null}},{"start":{"line":371,"column":6},"end":{"line":371,"column":15}}]},"30":{"loc":{"start":{"line":363,"column":16},"end":{"line":363,"column":95}},"type":"binary-expr","locations":[{"start":{"line":363,"column":16},"end":{"line":363,"column":50}},{"start":{"line":363,"column":54},"end":{"line":363,"column":95}}]},"31":{"loc":{"start":{"line":382,"column":10},"end":{"line":382,"column":77}},"type":"cond-expr","locations":[{"start":{"line":382,"column":21},"end":{"line":382,"column":58}},{"start":{"line":382,"column":61},"end":{"line":382,"column":77}}]},"32":{"loc":{"start":{"line":383,"column":10},"end":{"line":383,"column":54}},"type":"cond-expr","locations":[{"start":{"line":383,"column":25},"end":{"line":383,"column":49}},{"start":{"line":383,"column":52},"end":{"line":383,"column":54}}]},"33":{"loc":{"start":{"line":434,"column":2},"end":{"line":434,"column":76}},"type":"if","locations":[{"start":{"line":434,"column":2},"end":{"line":434,"column":76}},{"start":{},"end":{}}]},"34":{"loc":{"start":{"line":435,"column":2},"end":{"line":435,"column":79}},"type":"if","locations":[{"start":{"line":435,"column":2},"end":{"line":435,"column":79}},{"start":{},"end":{}}]},"35":{"loc":{"start":{"line":436,"column":2},"end":{"line":436,"column":77}},"type":"if","locations":[{"start":{"line":436,"column":2},"end":{"line":436,"column":77}},{"start":{},"end":{}}]},"36":{"loc":{"start":{"line":459,"column":2},"end":{"line":459,"column":37}},"type":"if","locations":[{"start":{"line":459,"column":2},"end":{"line":459,"column":37}},{"start":{},"end":{}}]},"37":{"loc":{"start":{"line":508,"column":5},"end":{"line":508,"column":33}},"type":"binary-expr","locations":[{"start":{"line":508,"column":5},"end":{"line":508,"column":28}},{"start":{"line":508,"column":32},"end":{"line":508,"column":33}}]},"38":{"loc":{"start":{"line":508,"column":38},"end":{"line":508,"column":69}},"type":"binary-expr","locations":[{"start":{"line":508,"column":38},"end":{"line":508,"column":64}},{"start":{"line":508,"column":68},"end":{"line":508,"column":69}}]},"39":{"loc":{"start":{"line":508,"column":74},"end":{"line":508,"column":103}},"type":"binary-expr","locations":[{"start":{"line":508,"column":74},"end":{"line":508,"column":98}},{"start":{"line":508,"column":102},"end":{"line":508,"column":103}}]},"40":{"loc":{"start":{"line":510,"column":2},"end":{"line":514,"column":3}},"type":"if","locations":[{"start":{"line":510,"column":2},"end":{"line":514,"column":3}},{"start":{"line":512,"column":9},"end":{"line":514,"column":3}}]},"41":{"loc":{"start":{"line":532,"column":12},"end":{"line":532,"column":29}},"type":"binary-expr","locations":[{"start":{"line":532,"column":12},"end":{"line":532,"column":21}},{"start":{"line":532,"column":25},"end":{"line":532,"column":29}}]},"42":{"loc":{"start":{"line":533,"column":16},"end":{"line":533,"column":37}},"type":"binary-expr","locations":[{"start":{"line":533,"column":16},"end":{"line":533,"column":29}},{"start":{"line":533,"column":33},"end":{"line":533,"column":37}}]},"43":{"loc":{"start":{"line":535,"column":20},"end":{"line":535,"column":37}},"type":"binary-expr","locations":[{"start":{"line":535,"column":20},"end":{"line":535,"column":29}},{"start":{"line":535,"column":33},"end":{"line":535,"column":37}}]},"44":{"loc":{"start":{"line":535,"column":49},"end":{"line":535,"column":70}},"type":"binary-expr","locations":[{"start":{"line":535,"column":49},"end":{"line":535,"column":62}},{"start":{"line":535,"column":66},"end":{"line":535,"column":70}}]},"45":{"loc":{"start":{"line":564,"column":4},"end":{"line":564,"column":14}},"type":"default-arg","locations":[{"start":{"line":564,"column":12},"end":{"line":564,"column":14}}]},"46":{"loc":{"start":{"line":565,"column":4},"end":{"line":565,"column":14}},"type":"default-arg","locations":[{"start":{"line":565,"column":13},"end":{"line":565,"column":14}}]},"47":{"loc":{"start":{"line":570,"column":8},"end":{"line":570,"column":40}},"type":"cond-expr","locations":[{"start":{"line":570,"column":21},"end":{"line":570,"column":35}},{"start":{"line":570,"column":38},"end":{"line":570,"column":40}}]},"48":{"loc":{"start":{"line":571,"column":8},"end":{"line":571,"column":34}},"type":"cond-expr","locations":[{"start":{"line":571,"column":18},"end":{"line":571,"column":29}},{"start":{"line":571,"column":32},"end":{"line":571,"column":34}}]},"49":{"loc":{"start":{"line":572,"column":8},"end":{"line":572,"column":81}},"type":"cond-expr","locations":[{"start":{"line":572,"column":18},"end":{"line":572,"column":76}},{"start":{"line":572,"column":79},"end":{"line":572,"column":81}}]},"50":{"loc":{"start":{"line":573,"column":8},"end":{"line":580,"column":10}},"type":"cond-expr","locations":[{"start":{"line":574,"column":8},"end":{"line":579,"column":null}},{"start":{"line":580,"column":8},"end":{"line":580,"column":10}}]},"51":{"loc":{"start":{"line":573,"column":8},"end":{"line":573,"column":30}},"type":"binary-expr","locations":[{"start":{"line":573,"column":8},"end":{"line":573,"column":18}},{"start":{"line":573,"column":22},"end":{"line":573,"column":30}}]},"52":{"loc":{"start":{"line":576,"column":16},"end":{"line":576,"column":53}},"type":"cond-expr","locations":[{"start":{"line":576,"column":29},"end":{"line":576,"column":48}},{"start":{"line":576,"column":51},"end":{"line":576,"column":53}}]},"53":{"loc":{"start":{"line":577,"column":16},"end":{"line":577,"column":49}},"type":"cond-expr","locations":[{"start":{"line":577,"column":27},"end":{"line":577,"column":44}},{"start":{"line":577,"column":47},"end":{"line":577,"column":49}}]},"54":{"loc":{"start":{"line":584,"column":46},"end":{"line":586,"column":15}},"type":"cond-expr","locations":[{"start":{"line":585,"column":6},"end":{"line":585,"column":70}},{"start":{"line":586,"column":6},"end":{"line":586,"column":15}}]},"55":{"loc":{"start":{"line":589,"column":23},"end":{"line":602,"column":15}},"type":"cond-expr","locations":[{"start":{"line":590,"column":6},"end":{"line":601,"column":null}},{"start":{"line":602,"column":6},"end":{"line":602,"column":15}}]},"56":{"loc":{"start":{"line":612,"column":10},"end":{"line":612,"column":77}},"type":"cond-expr","locations":[{"start":{"line":612,"column":21},"end":{"line":612,"column":58}},{"start":{"line":612,"column":61},"end":{"line":612,"column":77}}]},"57":{"loc":{"start":{"line":613,"column":10},"end":{"line":613,"column":54}},"type":"cond-expr","locations":[{"start":{"line":613,"column":25},"end":{"line":613,"column":49}},{"start":{"line":613,"column":52},"end":{"line":613,"column":54}}]},"58":{"loc":{"start":{"line":639,"column":9},"end":{"line":639,"column":34}},"type":"binary-expr","locations":[{"start":{"line":639,"column":9},"end":{"line":639,"column":26}},{"start":{"line":639,"column":30},"end":{"line":639,"column":34}}]},"59":{"loc":{"start":{"line":659,"column":2},"end":{"line":659,"column":35}},"type":"if","locations":[{"start":{"line":659,"column":2},"end":{"line":659,"column":35}},{"start":{},"end":{}}]},"60":{"loc":{"start":{"line":672,"column":17},"end":{"line":672,"column":105}},"type":"binary-expr","locations":[{"start":{"line":672,"column":17},"end":{"line":672,"column":32}},{"start":{"line":672,"column":36},"end":{"line":672,"column":105}}]},"61":{"loc":{"start":{"line":679,"column":14},"end":{"line":679,"column":49}},"type":"cond-expr","locations":[{"start":{"line":679,"column":33},"end":{"line":679,"column":35}},{"start":{"line":679,"column":38},"end":{"line":679,"column":49}}]},"62":{"loc":{"start":{"line":685,"column":4},"end":{"line":685,"column":77}},"type":"if","locations":[{"start":{"line":685,"column":4},"end":{"line":685,"column":77}},{"start":{},"end":{}}]},"63":{"loc":{"start":{"line":686,"column":4},"end":{"line":686,"column":77}},"type":"if","locations":[{"start":{"line":686,"column":4},"end":{"line":686,"column":77}},{"start":{},"end":{}}]},"64":{"loc":{"start":{"line":729,"column":10},"end":{"line":729,"column":42}},"type":"cond-expr","locations":[{"start":{"line":729,"column":23},"end":{"line":729,"column":37}},{"start":{"line":729,"column":40},"end":{"line":729,"column":42}}]},"65":{"loc":{"start":{"line":755,"column":64},"end":{"line":755,"column":74}},"type":"default-arg","locations":[{"start":{"line":755,"column":72},"end":{"line":755,"column":74}}]},"66":{"loc":{"start":{"line":755,"column":76},"end":{"line":755,"column":86}},"type":"default-arg","locations":[{"start":{"line":755,"column":85},"end":{"line":755,"column":86}}]},"67":{"loc":{"start":{"line":760,"column":8},"end":{"line":760,"column":40}},"type":"cond-expr","locations":[{"start":{"line":760,"column":21},"end":{"line":760,"column":35}},{"start":{"line":760,"column":38},"end":{"line":760,"column":40}}]},"68":{"loc":{"start":{"line":764,"column":49},"end":{"line":766,"column":15}},"type":"cond-expr","locations":[{"start":{"line":765,"column":6},"end":{"line":765,"column":73}},{"start":{"line":766,"column":6},"end":{"line":766,"column":15}}]},"69":{"loc":{"start":{"line":769,"column":23},"end":{"line":781,"column":15}},"type":"cond-expr","locations":[{"start":{"line":770,"column":6},"end":{"line":780,"column":null}},{"start":{"line":781,"column":6},"end":{"line":781,"column":15}}]},"70":{"loc":{"start":{"line":791,"column":10},"end":{"line":791,"column":77}},"type":"cond-expr","locations":[{"start":{"line":791,"column":21},"end":{"line":791,"column":58}},{"start":{"line":791,"column":61},"end":{"line":791,"column":77}}]},"71":{"loc":{"start":{"line":792,"column":10},"end":{"line":792,"column":54}},"type":"cond-expr","locations":[{"start":{"line":792,"column":25},"end":{"line":792,"column":49}},{"start":{"line":792,"column":52},"end":{"line":792,"column":54}}]},"72":{"loc":{"start":{"line":841,"column":4},"end":{"line":841,"column":14}},"type":"default-arg","locations":[{"start":{"line":841,"column":12},"end":{"line":841,"column":14}}]},"73":{"loc":{"start":{"line":842,"column":4},"end":{"line":842,"column":14}},"type":"default-arg","locations":[{"start":{"line":842,"column":13},"end":{"line":842,"column":14}}]},"74":{"loc":{"start":{"line":848,"column":8},"end":{"line":848,"column":40}},"type":"cond-expr","locations":[{"start":{"line":848,"column":21},"end":{"line":848,"column":35}},{"start":{"line":848,"column":38},"end":{"line":848,"column":40}}]},"75":{"loc":{"start":{"line":849,"column":8},"end":{"line":849,"column":42}},"type":"cond-expr","locations":[{"start":{"line":849,"column":16},"end":{"line":849,"column":37}},{"start":{"line":849,"column":40},"end":{"line":849,"column":42}}]},"76":{"loc":{"start":{"line":850,"column":8},"end":{"line":850,"column":67}},"type":"cond-expr","locations":[{"start":{"line":850,"column":29},"end":{"line":850,"column":62}},{"start":{"line":850,"column":65},"end":{"line":850,"column":67}}]},"77":{"loc":{"start":{"line":851,"column":8},"end":{"line":858,"column":10}},"type":"cond-expr","locations":[{"start":{"line":852,"column":8},"end":{"line":857,"column":null}},{"start":{"line":858,"column":8},"end":{"line":858,"column":10}}]},"78":{"loc":{"start":{"line":851,"column":8},"end":{"line":851,"column":30}},"type":"binary-expr","locations":[{"start":{"line":851,"column":8},"end":{"line":851,"column":18}},{"start":{"line":851,"column":22},"end":{"line":851,"column":30}}]},"79":{"loc":{"start":{"line":854,"column":16},"end":{"line":854,"column":53}},"type":"cond-expr","locations":[{"start":{"line":854,"column":29},"end":{"line":854,"column":48}},{"start":{"line":854,"column":51},"end":{"line":854,"column":53}}]},"80":{"loc":{"start":{"line":855,"column":16},"end":{"line":855,"column":49}},"type":"cond-expr","locations":[{"start":{"line":855,"column":27},"end":{"line":855,"column":44}},{"start":{"line":855,"column":47},"end":{"line":855,"column":49}}]},"81":{"loc":{"start":{"line":859,"column":8},"end":{"line":866,"column":10}},"type":"cond-expr","locations":[{"start":{"line":860,"column":8},"end":{"line":865,"column":null}},{"start":{"line":866,"column":8},"end":{"line":866,"column":10}}]},"82":{"loc":{"start":{"line":859,"column":8},"end":{"line":859,"column":26}},"type":"binary-expr","locations":[{"start":{"line":859,"column":8},"end":{"line":859,"column":16}},{"start":{"line":859,"column":20},"end":{"line":859,"column":26}}]},"83":{"loc":{"start":{"line":862,"column":16},"end":{"line":862,"column":49}},"type":"cond-expr","locations":[{"start":{"line":862,"column":27},"end":{"line":862,"column":44}},{"start":{"line":862,"column":47},"end":{"line":862,"column":49}}]},"84":{"loc":{"start":{"line":863,"column":16},"end":{"line":863,"column":45}},"type":"cond-expr","locations":[{"start":{"line":863,"column":25},"end":{"line":863,"column":40}},{"start":{"line":863,"column":43},"end":{"line":863,"column":45}}]},"85":{"loc":{"start":{"line":870,"column":48},"end":{"line":872,"column":15}},"type":"cond-expr","locations":[{"start":{"line":871,"column":6},"end":{"line":871,"column":72}},{"start":{"line":872,"column":6},"end":{"line":872,"column":15}}]},"86":{"loc":{"start":{"line":877,"column":23},"end":{"line":892,"column":15}},"type":"cond-expr","locations":[{"start":{"line":878,"column":6},"end":{"line":891,"column":null}},{"start":{"line":892,"column":6},"end":{"line":892,"column":15}}]},"87":{"loc":{"start":{"line":884,"column":16},"end":{"line":884,"column":95}},"type":"binary-expr","locations":[{"start":{"line":884,"column":16},"end":{"line":884,"column":50}},{"start":{"line":884,"column":54},"end":{"line":884,"column":95}}]},"88":{"loc":{"start":{"line":900,"column":10},"end":{"line":900,"column":77}},"type":"cond-expr","locations":[{"start":{"line":900,"column":21},"end":{"line":900,"column":58}},{"start":{"line":900,"column":61},"end":{"line":900,"column":77}}]},"89":{"loc":{"start":{"line":901,"column":10},"end":{"line":901,"column":54}},"type":"cond-expr","locations":[{"start":{"line":901,"column":25},"end":{"line":901,"column":49}},{"start":{"line":901,"column":52},"end":{"line":901,"column":54}}]},"90":{"loc":{"start":{"line":907,"column":76},"end":{"line":907,"column":139}},"type":"cond-expr","locations":[{"start":{"line":907,"column":94},"end":{"line":907,"column":127}},{"start":{"line":907,"column":130},"end":{"line":907,"column":139}}]},"91":{"loc":{"start":{"line":909,"column":26},"end":{"line":909,"column":111}},"type":"cond-expr","locations":[{"start":{"line":909,"column":88},"end":{"line":909,"column":98}},{"start":{"line":909,"column":101},"end":{"line":909,"column":111}}]},"92":{"loc":{"start":{"line":935,"column":22},"end":{"line":937,"column":31}},"type":"cond-expr","locations":[{"start":{"line":936,"column":6},"end":{"line":936,"column":53}},{"start":{"line":937,"column":6},"end":{"line":937,"column":31}}]},"93":{"loc":{"start":{"line":946,"column":23},"end":{"line":946,"column":49}},"type":"binary-expr","locations":[{"start":{"line":946,"column":23},"end":{"line":946,"column":44}},{"start":{"line":946,"column":48},"end":{"line":946,"column":49}}]}},"s":{"0":1,"1":1,"2":1,"3":1,"4":1,"5":1,"6":1,"7":1,"8":1,"9":1,"10":1,"11":1,"12":1,"13":1,"14":1,"15":1,"16":1,"17":1,"18":1,"19":1,"20":1,"21":1,"22":1,"23":1,"24":1,"25":1,"26":1,"27":0,"28":0,"29":0,"30":0,"31":0,"32":0,"33":1,"34":1,"35":1,"36":0,"37":1,"38":1,"39":1,"40":0,"41":0,"42":0,"43":0,"44":0,"45":0,"46":1,"47":1,"48":1,"49":1,"50":1,"51":1,"52":0,"53":0,"54":0,"55":0,"56":0,"57":0,"58":0,"59":0,"60":0,"61":0,"62":0,"63":0,"64":0,"65":0,"66":0,"67":0,"68":0,"69":1,"70":0,"71":0,"72":0,"73":0,"74":0,"75":0,"76":0,"77":0,"78":0,"79":0,"80":0,"81":0,"82":0,"83":0,"84":0,"85":0,"86":0,"87":0,"88":0,"89":0,"90":0,"91":0,"92":0,"93":0,"94":0,"95":0,"96":0,"97":0,"98":0,"99":0,"100":0,"101":0,"102":0,"103":0,"104":0,"105":0,"106":0,"107":0,"108":0,"109":0,"110":0,"111":0,"112":0,"113":0,"114":0,"115":0,"116":0,"117":0,"118":0,"119":0,"120":0,"121":0,"122":0,"123":0,"124":0,"125":0,"126":0,"127":0,"128":0,"129":0,"130":0,"131":0,"132":0,"133":0,"134":0,"135":0,"136":0,"137":0,"138":0,"139":0,"140":0,"141":0,"142":0,"143":0,"144":0,"145":0,"146":0,"147":0,"148":0,"149":0,"150":0,"151":0,"152":0,"153":0,"154":0,"155":0,"156":0,"157":0,"158":0,"159":0,"160":0,"161":0,"162":0,"163":0,"164":0,"165":0,"166":0,"167":0,"168":0,"169":0,"170":0,"171":0,"172":0,"173":0,"174":0,"175":0,"176":0,"177":0,"178":0,"179":0,"180":0,"181":0,"182":0,"183":0,"184":0},"f":{"0":0,"1":0,"2":0,"3":0,"4":0,"5":0,"6":0,"7":0,"8":0,"9":0,"10":0,"11":0,"12":0,"13":0,"14":0,"15":0,"16":0,"17":0,"18":0,"19":0,"20":0,"21":0,"22":0,"23":0,"24":0,"25":0,"26":0,"27":0,"28":0,"29":0,"30":0,"31":0,"32":0,"33":0,"34":0,"35":0},"b":{"0":[0,0],"1":[0,0],"2":[0,1],"3":[1,1],"4":[0,1],"5":[1,0],"6":[0,0],"7":[0],"8":[0,0],"9":[0,0],"10":[0,0],"11":[0,0],"12":[1,0],"13":[0,0],"14":[0],"15":[0],"16":[0,0],"17":[0,0],"18":[0,0],"19":[0,0],"20":[0,0],"21":[0,0],"22":[0,0],"23":[0,0],"24":[0,0],"25":[0,0],"26":[0,0],"27":[0,0],"28":[0,0],"29":[0,0],"30":[0,0],"31":[0,0],"32":[0,0],"33":[0,0],"34":[0,0],"35":[0,0],"36":[0,0],"37":[0,0],"38":[0,0],"39":[0,0],"40":[0,0],"41":[0,0],"42":[0,0],"43":[0,0],"44":[0,0],"45":[0],"46":[0],"47":[0,0],"48":[0,0],"49":[0,0],"50":[0,0],"51":[0,0],"52":[0,0],"53":[0,0],"54":[0,0],"55":[0,0],"56":[0,0],"57":[0,0],"58":[0,0],"59":[0,0],"60":[0,0],"61":[0,0],"62":[0,0],"63":[0,0],"64":[0,0],"65":[0],"66":[0],"67":[0,0],"68":[0,0],"69":[0,0],"70":[0,0],"71":[0,0],"72":[0],"73":[0],"74":[0,0],"75":[0,0],"76":[0,0],"77":[0,0],"78":[0,0],"79":[0,0],"80":[0,0],"81":[0,0],"82":[0,0],"83":[0,0],"84":[0,0],"85":[0,0],"86":[0,0],"87":[0,0],"88":[0,0],"89":[0,0],"90":[0,0],"91":[0,0],"92":[0,0],"93":[0,0]}}
,"C:\\Users\\HP\\Documents\\stellar\\wraith\\src\\decoder.ts": {"path":"C:\\Users\\HP\\Documents\\stellar\\wraith\\src\\decoder.ts","statementMap":{"0":{"start":{"line":73,"column":0},"end":{"line":73,"column":16}},"1":{"start":{"line":146,"column":0},"end":{"line":146,"column":16}},"2":{"start":{"line":1,"column":0},"end":{"line":1,"column":51}},"3":{"start":{"line":7,"column":26},"end":{"line":7,"column":75}},"4":{"start":{"line":16,"column":2},"end":{"line":16,"column":41}},"5":{"start":{"line":24,"column":2},"end":{"line":24,"column":76}},"6":{"start":{"line":24,"column":64},"end":{"line":24,"column":76}},"7":{"start":{"line":25,"column":15},"end":{"line":25,"column":50}},"8":{"start":{"line":26,"column":2},"end":{"line":26,"column":25}},"9":{"start":{"line":34,"column":17},"end":{"line":34,"column":48}},"10":{"start":{"line":36,"column":2},"end":{"line":36,"column":59}},"11":{"start":{"line":36,"column":34},"end":{"line":36,"column":59}},"12":{"start":{"line":38,"column":2},"end":{"line":38,"column":59}},"13":{"start":{"line":38,"column":34},"end":{"line":38,"column":59}},"14":{"start":{"line":39,"column":2},"end":{"line":39,"column":24}},"15":{"start":{"line":76,"column":84},"end":{"line":76,"column":87}},"16":{"start":{"line":79,"column":2},"end":{"line":79,"column":48}},"17":{"start":{"line":79,"column":36},"end":{"line":79,"column":48}},"18":{"start":{"line":82,"column":23},"end":{"line":82,"column":39}},"19":{"start":{"line":83,"column":2},"end":{"line":83,"column":52}},"20":{"start":{"line":83,"column":40},"end":{"line":83,"column":52}},"21":{"start":{"line":84,"column":20},"end":{"line":84,"column":46}},"22":{"start":{"line":85,"column":2},"end":{"line":85,"column":53}},"23":{"start":{"line":85,"column":41},"end":{"line":85,"column":53}},"24":{"start":{"line":88,"column":17},"end":{"line":88,"column":34}},"25":{"start":{"line":89,"column":2},"end":{"line":89,"column":35}},"26":{"start":{"line":89,"column":23},"end":{"line":89,"column":35}},"27":{"start":{"line":92,"column":35},"end":{"line":92,"column":39}},"28":{"start":{"line":93,"column":33},"end":{"line":93,"column":37}},"29":{"start":{"line":95,"column":2},"end":{"line":127,"column":3}},"30":{"start":{"line":97,"column":4},"end":{"line":99,"column":5}},"31":{"start":{"line":98,"column":6},"end":{"line":98,"column":99}},"32":{"start":{"line":100,"column":4},"end":{"line":100,"column":42}},"33":{"start":{"line":101,"column":4},"end":{"line":101,"column":40}},"34":{"start":{"line":102,"column":4},"end":{"line":104,"column":5}},"35":{"start":{"line":103,"column":6},"end":{"line":103,"column":75}},"36":{"start":{"line":106,"column":9},"end":{"line":127,"column":3}},"37":{"start":{"line":108,"column":4},"end":{"line":110,"column":5}},"38":{"start":{"line":109,"column":6},"end":{"line":109,"column":95}},"39":{"start":{"line":111,"column":4},"end":{"line":111,"column":40}},"40":{"start":{"line":112,"column":4},"end":{"line":114,"column":5}},"41":{"start":{"line":113,"column":6},"end":{"line":113,"column":66}},"42":{"start":{"line":117,"column":9},"end":{"line":127,"column":3}},"43":{"start":{"line":119,"column":4},"end":{"line":121,"column":5}},"44":{"start":{"line":120,"column":6},"end":{"line":120,"column":103}},"45":{"start":{"line":122,"column":4},"end":{"line":122,"column":42}},"46":{"start":{"line":123,"column":4},"end":{"line":125,"column":5}},"47":{"start":{"line":124,"column":6},"end":{"line":124,"column":76}},"48":{"start":{"line":129,"column":2},"end":{"line":139,"column":4}},"49":{"start":{"line":147,"column":36},"end":{"line":147,"column":38}},"50":{"start":{"line":148,"column":16},"end":{"line":148,"column":17}},"51":{"start":{"line":150,"column":2},"end":{"line":157,"column":3}},"52":{"start":{"line":151,"column":19},"end":{"line":151,"column":34}},"53":{"start":{"line":152,"column":4},"end":{"line":156,"column":5}},"54":{"start":{"line":153,"column":6},"end":{"line":153,"column":27}},"55":{"start":{"line":155,"column":6},"end":{"line":155,"column":16}},"56":{"start":{"line":159,"column":2},"end":{"line":161,"column":3}},"57":{"start":{"line":160,"column":4},"end":{"line":160,"column":93}},"58":{"start":{"line":163,"column":2},"end":{"line":163,"column":17}}},"fnMap":{"0":{"name":"decode","decl":{"start":{"line":15,"column":9},"end":{"line":15,"column":15}},"loc":{"start":{"line":15,"column":43},"end":{"line":17,"column":1}}},"1":{"name":"decodeAddress","decl":{"start":{"line":23,"column":9},"end":{"line":23,"column":22}},"loc":{"start":{"line":23,"column":50},"end":{"line":27,"column":1}}},"2":{"name":"decodeI128","decl":{"start":{"line":33,"column":9},"end":{"line":33,"column":19}},"loc":{"start":{"line":33,"column":47},"end":{"line":40,"column":1}}},"3":{"name":"parseEvent","decl":{"start":{"line":73,"column":16},"end":{"line":73,"column":26}},"loc":{"start":{"line":74,"column":15},"end":{"line":140,"column":1}}},"4":{"name":"parseEvents","decl":{"start":{"line":146,"column":16},"end":{"line":146,"column":27}},"loc":{"start":{"line":146,"column":49},"end":{"line":164,"column":1}}}},"branchMap":{"0":{"loc":{"start":{"line":24,"column":2},"end":{"line":24,"column":76}},"type":"if","locations":[{"start":{"line":24,"column":2},"end":{"line":24,"column":76}},{"start":{},"end":{}}]},"1":{"loc":{"start":{"line":36,"column":2},"end":{"line":36,"column":59}},"type":"if","locations":[{"start":{"line":36,"column":2},"end":{"line":36,"column":59}},{"start":{},"end":{}}]},"2":{"loc":{"start":{"line":38,"column":2},"end":{"line":38,"column":59}},"type":"if","locations":[{"start":{"line":38,"column":2},"end":{"line":38,"column":59}},{"start":{},"end":{}}]},"3":{"loc":{"start":{"line":79,"column":2},"end":{"line":79,"column":48}},"type":"if","locations":[{"start":{"line":79,"column":2},"end":{"line":79,"column":48}},{"start":{},"end":{}}]},"4":{"loc":{"start":{"line":79,"column":6},"end":{"line":79,"column":34}},"type":"binary-expr","locations":[{"start":{"line":79,"column":6},"end":{"line":79,"column":12}},{"start":{"line":79,"column":16},"end":{"line":79,"column":34}}]},"5":{"loc":{"start":{"line":83,"column":2},"end":{"line":83,"column":52}},"type":"if","locations":[{"start":{"line":83,"column":2},"end":{"line":83,"column":52}},{"start":{},"end":{}}]},"6":{"loc":{"start":{"line":85,"column":2},"end":{"line":85,"column":53}},"type":"if","locations":[{"start":{"line":85,"column":2},"end":{"line":85,"column":53}},{"start":{},"end":{}}]},"7":{"loc":{"start":{"line":89,"column":2},"end":{"line":89,"column":35}},"type":"if","locations":[{"start":{"line":89,"column":2},"end":{"line":89,"column":35}},{"start":{},"end":{}}]},"8":{"loc":{"start":{"line":95,"column":2},"end":{"line":127,"column":3}},"type":"if","locations":[{"start":{"line":95,"column":2},"end":{"line":127,"column":3}},{"start":{"line":106,"column":9},"end":{"line":127,"column":3}}]},"9":{"loc":{"start":{"line":97,"column":4},"end":{"line":99,"column":5}},"type":"if","locations":[{"start":{"line":97,"column":4},"end":{"line":99,"column":5}},{"start":{},"end":{}}]},"10":{"loc":{"start":{"line":102,"column":4},"end":{"line":104,"column":5}},"type":"if","locations":[{"start":{"line":102,"column":4},"end":{"line":104,"column":5}},{"start":{},"end":{}}]},"11":{"loc":{"start":{"line":102,"column":8},"end":{"line":102,"column":34}},"type":"binary-expr","locations":[{"start":{"line":102,"column":8},"end":{"line":102,"column":20}},{"start":{"line":102,"column":24},"end":{"line":102,"column":34}}]},"12":{"loc":{"start":{"line":106,"column":9},"end":{"line":127,"column":3}},"type":"if","locations":[{"start":{"line":106,"column":9},"end":{"line":127,"column":3}},{"start":{"line":117,"column":9},"end":{"line":127,"column":3}}]},"13":{"loc":{"start":{"line":108,"column":4},"end":{"line":110,"column":5}},"type":"if","locations":[{"start":{"line":108,"column":4},"end":{"line":110,"column":5}},{"start":{},"end":{}}]},"14":{"loc":{"start":{"line":112,"column":4},"end":{"line":114,"column":5}},"type":"if","locations":[{"start":{"line":112,"column":4},"end":{"line":114,"column":5}},{"start":{},"end":{}}]},"15":{"loc":{"start":{"line":117,"column":9},"end":{"line":127,"column":3}},"type":"if","locations":[{"start":{"line":117,"column":9},"end":{"line":127,"column":3}},{"start":{},"end":{}}]},"16":{"loc":{"start":{"line":117,"column":13},"end":{"line":117,"column":61}},"type":"binary-expr","locations":[{"start":{"line":117,"column":13},"end":{"line":117,"column":33}},{"start":{"line":117,"column":37},"end":{"line":117,"column":61}}]},"17":{"loc":{"start":{"line":119,"column":4},"end":{"line":121,"column":5}},"type":"if","locations":[{"start":{"line":119,"column":4},"end":{"line":121,"column":5}},{"start":{},"end":{}}]},"18":{"loc":{"start":{"line":123,"column":4},"end":{"line":125,"column":5}},"type":"if","locations":[{"start":{"line":123,"column":4},"end":{"line":125,"column":5}},{"start":{},"end":{}}]},"19":{"loc":{"start":{"line":152,"column":4},"end":{"line":156,"column":5}},"type":"if","locations":[{"start":{"line":152,"column":4},"end":{"line":156,"column":5}},{"start":{"line":154,"column":11},"end":{"line":156,"column":5}}]},"20":{"loc":{"start":{"line":159,"column":2},"end":{"line":161,"column":3}},"type":"if","locations":[{"start":{"line":159,"column":2},"end":{"line":161,"column":3}},{"start":{},"end":{}}]}},"s":{"0":1,"1":1,"2":1,"3":1,"4":0,"5":0,"6":0,"7":0,"8":0,"9":0,"10":0,"11":0,"12":0,"13":0,"14":0,"15":0,"16":0,"17":0,"18":0,"19":0,"20":0,"21":0,"22":0,"23":0,"24":0,"25":0,"26":0,"27":0,"28":0,"29":0,"30":0,"31":0,"32":0,"33":0,"34":0,"35":0,"36":0,"37":0,"38":0,"39":0,"40":0,"41":0,"42":0,"43":0,"44":0,"45":0,"46":0,"47":0,"48":0,"49":0,"50":0,"51":0,"52":0,"53":0,"54":0,"55":0,"56":0,"57":0,"58":0},"f":{"0":0,"1":0,"2":0,"3":0,"4":0},"b":{"0":[0,0],"1":[0,0],"2":[0,0],"3":[0,0],"4":[0,0],"5":[0,0],"6":[0,0],"7":[0,0],"8":[0,0],"9":[0,0],"10":[0,0],"11":[0,0],"12":[0,0],"13":[0,0],"14":[0,0],"15":[0,0],"16":[0,0],"17":[0,0],"18":[0,0],"19":[0,0],"20":[0,0]}}
,"C:\\Users\\HP\\Documents\\stellar\\wraith\\src\\events.ts": {"path":"C:\\Users\\HP\\Documents\\stellar\\wraith\\src\\events.ts","statementMap":{"0":{"start":{"line":13,"column":0},"end":{"line":13,"column":16}},"1":{"start":{"line":24,"column":0},"end":{"line":24,"column":16}},"2":{"start":{"line":36,"column":0},"end":{"line":36,"column":16}},"3":{"start":{"line":100,"column":0},"end":{"line":100,"column":16}},"4":{"start":{"line":1,"column":0},"end":{"line":1,"column":38}},"5":{"start":{"line":8,"column":13},"end":{"line":8,"column":50}},"6":{"start":{"line":9,"column":0},"end":{"line":9,"column":35}},"7":{"start":{"line":14,"column":2},"end":{"line":14,"column":49}},"8":{"start":{"line":19,"column":13},"end":{"line":19,"column":51}},"9":{"start":{"line":20,"column":0},"end":{"line":20,"column":36}},"10":{"start":{"line":25,"column":2},"end":{"line":25,"column":46}},"11":{"start":{"line":41,"column":64},"end":{"line":41,"column":66}},"12":{"start":{"line":42,"column":25},"end":{"line":42,"column":27}},"13":{"start":{"line":43,"column":18},"end":{"line":43,"column":22}},"14":{"start":{"line":45,"column":20},"end":{"line":56,"column":3}},"15":{"start":{"line":46,"column":4},"end":{"line":50,"column":5}},"16":{"start":{"line":47,"column":22},"end":{"line":47,"column":40}},"17":{"start":{"line":48,"column":6},"end":{"line":48,"column":38}},"18":{"start":{"line":49,"column":6},"end":{"line":49,"column":13}},"19":{"start":{"line":52,"column":4},"end":{"line":52,"column":26}},"20":{"start":{"line":53,"column":4},"end":{"line":55,"column":5}},"21":{"start":{"line":54,"column":6},"end":{"line":54,"column":24}},"22":{"start":{"line":58,"column":2},"end":{"line":58,"column":35}},"23":{"start":{"line":60,"column":15},"end":{"line":67,"column":3}},"24":{"start":{"line":61,"column":4},"end":{"line":61,"column":27}},"25":{"start":{"line":61,"column":20},"end":{"line":61,"column":27}},"26":{"start":{"line":62,"column":4},"end":{"line":62,"column":22}},"27":{"start":{"line":63,"column":4},"end":{"line":63,"column":38}},"28":{"start":{"line":64,"column":4},"end":{"line":66,"column":5}},"29":{"start":{"line":65,"column":6},"end":{"line":65,"column":75}},"30":{"start":{"line":69,"column":45},"end":{"line":90,"column":4}},"31":{"start":{"line":71,"column":6},"end":{"line":73,"column":7}},"32":{"start":{"line":72,"column":8},"end":{"line":72,"column":75}},"33":{"start":{"line":74,"column":6},"end":{"line":76,"column":7}},"34":{"start":{"line":75,"column":8},"end":{"line":75,"column":81}},"35":{"start":{"line":77,"column":6},"end":{"line":77,"column":63}},"36":{"start":{"line":77,"column":38},"end":{"line":77,"column":61}},"37":{"start":{"line":80,"column":6},"end":{"line":80,"column":13}},"38":{"start":{"line":81,"column":6},"end":{"line":81,"column":79}},"39":{"start":{"line":84,"column":6},"end":{"line":84,"column":13}},"40":{"start":{"line":85,"column":6},"end":{"line":85,"column":33}},"41":{"start":{"line":88,"column":6},"end":{"line":88,"column":22}},"42":{"start":{"line":92,"column":2},"end":{"line":92,"column":18}},"43":{"start":{"line":104,"column":45},"end":{"line":126,"column":4}},"44":{"start":{"line":106,"column":6},"end":{"line":111,"column":7}},"45":{"start":{"line":107,"column":23},"end":{"line":107,"column":44}},"46":{"start":{"line":108,"column":8},"end":{"line":110,"column":9}},"47":{"start":{"line":109,"column":10},"end":{"line":109,"column":24}},"48":{"start":{"line":114,"column":6},"end":{"line":116,"column":76}},"49":{"start":{"line":119,"column":6},"end":{"line":121,"column":30}},"50":{"start":{"line":124,"column":6},"end":{"line":124,"column":22}},"51":{"start":{"line":128,"column":2},"end":{"line":128,"column":18}}},"fnMap":{"0":{"name":"emitTransfer","decl":{"start":{"line":13,"column":16},"end":{"line":13,"column":28}},"loc":{"start":{"line":13,"column":52},"end":{"line":15,"column":1}}},"1":{"name":"emitHostFnLog","decl":{"start":{"line":24,"column":16},"end":{"line":24,"column":29}},"loc":{"start":{"line":24,"column":49},"end":{"line":26,"column":1}}},"2":{"name":"eventsToAsyncIterator","decl":{"start":{"line":36,"column":16},"end":{"line":36,"column":37}},"loc":{"start":{"line":39,"column":16},"end":{"line":93,"column":1}}},"3":{"name":"(anonymous_3)","decl":{"start":{"line":45,"column":20},"end":{"line":45,"column":21}},"loc":{"start":{"line":45,"column":33},"end":{"line":56,"column":3}}},"4":{"name":"(anonymous_4)","decl":{"start":{"line":60,"column":15},"end":{"line":60,"column":18}},"loc":{"start":{"line":60,"column":20},"end":{"line":67,"column":3}}},"5":{"name":"(anonymous_5)","decl":{"start":{"line":70,"column":4},"end":{"line":70,"column":8}},"loc":{"start":{"line":70,"column":8},"end":{"line":78,"column":5}}},"6":{"name":"(anonymous_6)","decl":{"start":{"line":77,"column":25},"end":{"line":77,"column":26}},"loc":{"start":{"line":77,"column":38},"end":{"line":77,"column":61}}},"7":{"name":"(anonymous_7)","decl":{"start":{"line":79,"column":4},"end":{"line":79,"column":10}},"loc":{"start":{"line":79,"column":10},"end":{"line":82,"column":5}}},"8":{"name":"(anonymous_8)","decl":{"start":{"line":83,"column":4},"end":{"line":83,"column":9}},"loc":{"start":{"line":83,"column":13},"end":{"line":86,"column":5}}},"9":{"name":"(anonymous_9)","decl":{"start":{"line":87,"column":4},"end":{"line":87,"column":5}},"loc":{"start":{"line":87,"column":26},"end":{"line":89,"column":5}}},"10":{"name":"filterAsyncIterator","decl":{"start":{"line":100,"column":16},"end":{"line":100,"column":35}},"loc":{"start":{"line":102,"column":34},"end":{"line":129,"column":1}}},"11":{"name":"(anonymous_11)","decl":{"start":{"line":105,"column":4},"end":{"line":105,"column":9}},"loc":{"start":{"line":105,"column":14},"end":{"line":112,"column":5}}},"12":{"name":"(anonymous_12)","decl":{"start":{"line":113,"column":4},"end":{"line":113,"column":10}},"loc":{"start":{"line":113,"column":26},"end":{"line":117,"column":5}}},"13":{"name":"(anonymous_13)","decl":{"start":{"line":118,"column":4},"end":{"line":118,"column":9}},"loc":{"start":{"line":118,"column":13},"end":{"line":122,"column":5}}},"14":{"name":"(anonymous_14)","decl":{"start":{"line":123,"column":4},"end":{"line":123,"column":5}},"loc":{"start":{"line":123,"column":26},"end":{"line":125,"column":5}}}},"branchMap":{"0":{"loc":{"start":{"line":39,"column":2},"end":{"line":39,"column":16}},"type":"default-arg","locations":[{"start":{"line":39,"column":13},"end":{"line":39,"column":16}}]},"1":{"loc":{"start":{"line":46,"column":4},"end":{"line":50,"column":5}},"type":"if","locations":[{"start":{"line":46,"column":4},"end":{"line":50,"column":5}},{"start":{},"end":{}}]},"2":{"loc":{"start":{"line":53,"column":4},"end":{"line":55,"column":5}},"type":"if","locations":[{"start":{"line":53,"column":4},"end":{"line":55,"column":5}},{"start":{},"end":{}}]},"3":{"loc":{"start":{"line":61,"column":4},"end":{"line":61,"column":27}},"type":"if","locations":[{"start":{"line":61,"column":4},"end":{"line":61,"column":27}},{"start":{},"end":{}}]},"4":{"loc":{"start":{"line":71,"column":6},"end":{"line":73,"column":7}},"type":"if","locations":[{"start":{"line":71,"column":6},"end":{"line":73,"column":7}},{"start":{},"end":{}}]},"5":{"loc":{"start":{"line":74,"column":6},"end":{"line":76,"column":7}},"type":"if","locations":[{"start":{"line":74,"column":6},"end":{"line":76,"column":7}},{"start":{},"end":{}}]},"6":{"loc":{"start":{"line":108,"column":8},"end":{"line":110,"column":9}},"type":"if","locations":[{"start":{"line":108,"column":8},"end":{"line":110,"column":9}},{"start":{},"end":{}}]},"7":{"loc":{"start":{"line":108,"column":12},"end":{"line":108,"column":50}},"type":"binary-expr","locations":[{"start":{"line":108,"column":12},"end":{"line":108,"column":23}},{"start":{"line":108,"column":27},"end":{"line":108,"column":50}}]},"8":{"loc":{"start":{"line":114,"column":13},"end":{"line":116,"column":75}},"type":"cond-expr","locations":[{"start":{"line":115,"column":11},"end":{"line":115,"column":64}},{"start":{"line":116,"column":10},"end":{"line":116,"column":75}}]},"9":{"loc":{"start":{"line":119,"column":13},"end":{"line":121,"column":29}},"type":"cond-expr","locations":[{"start":{"line":120,"column":10},"end":{"line":120,"column":29}},{"start":{"line":121,"column":10},"end":{"line":121,"column":29}}]}},"s":{"0":1,"1":1,"2":1,"3":1,"4":1,"5":1,"6":1,"7":0,"8":1,"9":1,"10":0,"11":0,"12":0,"13":0,"14":0,"15":0,"16":0,"17":0,"18":0,"19":0,"20":0,"21":0,"22":0,"23":0,"24":0,"25":0,"26":0,"27":0,"28":0,"29":0,"30":0,"31":0,"32":0,"33":0,"34":0,"35":0,"36":0,"37":0,"38":0,"39":0,"40":0,"41":0,"42":0,"43":0,"44":0,"45":0,"46":0,"47":0,"48":0,"49":0,"50":0,"51":0},"f":{"0":0,"1":0,"2":0,"3":0,"4":0,"5":0,"6":0,"7":0,"8":0,"9":0,"10":0,"11":0,"12":0,"13":0,"14":0},"b":{"0":[0],"1":[0,0],"2":[0,0],"3":[0,0],"4":[0,0],"5":[0,0],"6":[0,0],"7":[0,0],"8":[0,0],"9":[0,0]}}
,"C:\\Users\\HP\\Documents\\stellar\\wraith\\src\\indexer.ts": {"path":"C:\\Users\\HP\\Documents\\stellar\\wraith\\src\\indexer.ts","statementMap":{"0":{"start":{"line":27,"column":0},"end":{"line":27,"column":16}},"1":{"start":{"line":58,"column":0},"end":{"line":58,"column":16}},"2":{"start":{"line":167,"column":0},"end":{"line":167,"column":16}},"3":{"start":{"line":178,"column":0},"end":{"line":178,"column":16}},"4":{"start":{"line":187,"column":0},"end":{"line":187,"column":16}},"5":{"start":{"line":192,"column":0},"end":{"line":192,"column":16}},"6":{"start":{"line":298,"column":0},"end":{"line":298,"column":7}},"7":{"start":{"line":396,"column":0},"end":{"line":396,"column":16}},"8":{"start":{"line":1,"column":0},"end":{"line":1,"column":23}},"9":{"start":{"line":2,"column":0},"end":{"line":2,"column":57}},"10":{"start":{"line":3,"column":0},"end":{"line":3,"column":40}},"11":{"start":{"line":4,"column":0},"end":{"line":4,"column":null}},"12":{"start":{"line":14,"column":0},"end":{"line":14,"column":55}},"13":{"start":{"line":15,"column":0},"end":{"line":15,"column":94}},"14":{"start":{"line":16,"column":0},"end":{"line":16,"column":55}},"15":{"start":{"line":17,"column":0},"end":{"line":17,"column":50}},"16":{"start":{"line":18,"column":0},"end":{"line":18,"column":86}},"17":{"start":{"line":19,"column":0},"end":{"line":19,"column":88}},"18":{"start":{"line":20,"column":0},"end":{"line":20,"column":90}},"19":{"start":{"line":28,"column":17},"end":{"line":28,"column":54}},"20":{"start":{"line":34,"column":4},"end":{"line":34,"column":83}},"21":{"start":{"line":35,"column":2},"end":{"line":35,"column":61}},"22":{"start":{"line":35,"column":35},"end":{"line":35,"column":43}},"23":{"start":{"line":42,"column":13},"end":{"line":43,"column":61}},"24":{"start":{"line":44,"column":13},"end":{"line":45,"column":61}},"25":{"start":{"line":59,"column":14},"end":{"line":59,"column":37}},"26":{"start":{"line":60,"column":17},"end":{"line":60,"column":34}},"27":{"start":{"line":63,"column":4},"end":{"line":66,"column":6}},"28":{"start":{"line":68,"column":14},"end":{"line":71,"column":20}},"29":{"start":{"line":70,"column":16},"end":{"line":70,"column":24}},"30":{"start":{"line":73,"column":2},"end":{"line":75,"column":3}},"31":{"start":{"line":74,"column":4},"end":{"line":74,"column":15}},"32":{"start":{"line":80,"column":2},"end":{"line":80,"column":81}},"33":{"start":{"line":85,"column":26},"end":{"line":85,"column":82}},"34":{"start":{"line":86,"column":26},"end":{"line":86,"column":82}},"35":{"start":{"line":87,"column":26},"end":{"line":87,"column":82}},"36":{"start":{"line":91,"column":33},"end":{"line":91,"column":40}},"37":{"start":{"line":95,"column":16},"end":{"line":95,"column":17}},"38":{"start":{"line":98,"column":27},"end":{"line":98,"column":30}},"39":{"start":{"line":124,"column":14},"end":{"line":124,"column":43}},"40":{"start":{"line":128,"column":25},"end":{"line":128,"column":55}},"41":{"start":{"line":129,"column":25},"end":{"line":129,"column":55}},"42":{"start":{"line":130,"column":17},"end":{"line":130,"column":38}},"43":{"start":{"line":132,"column":2},"end":{"line":151,"column":4}},"44":{"start":{"line":154,"column":27},"end":{"line":154,"column":37}},"45":{"start":{"line":168,"column":15},"end":{"line":168,"column":49}},"46":{"start":{"line":169,"column":20},"end":{"line":169,"column":57}},"47":{"start":{"line":170,"column":2},"end":{"line":174,"column":4}},"48":{"start":{"line":179,"column":67},"end":{"line":179,"column":69}},"49":{"start":{"line":180,"column":2},"end":{"line":182,"column":3}},"50":{"start":{"line":181,"column":4},"end":{"line":181,"column":89}},"51":{"start":{"line":183,"column":2},"end":{"line":183,"column":13}},"52":{"start":{"line":188,"column":2},"end":{"line":188,"column":27}},"53":{"start":{"line":193,"column":2},"end":{"line":193,"column":16}},"54":{"start":{"line":206,"column":14},"end":{"line":206,"column":26}},"55":{"start":{"line":207,"column":2},"end":{"line":209,"column":4}},"56":{"start":{"line":211,"column":36},"end":{"line":212,"column":null}},"57":{"start":{"line":215,"column":2},"end":{"line":218,"column":3}},"58":{"start":{"line":216,"column":4},"end":{"line":216,"column":51}},"59":{"start":{"line":217,"column":4},"end":{"line":217,"column":25}},"60":{"start":{"line":222,"column":25},"end":{"line":222,"column":69}},"61":{"start":{"line":222,"column":46},"end":{"line":222,"column":68}},"62":{"start":{"line":223,"column":25},"end":{"line":223,"column":68}},"63":{"start":{"line":223,"column":46},"end":{"line":223,"column":67}},"64":{"start":{"line":226,"column":19},"end":{"line":226,"column":46}},"65":{"start":{"line":229,"column":2},"end":{"line":231,"column":4}},"66":{"start":{"line":230,"column":4},"end":{"line":230,"column":62}},"67":{"start":{"line":232,"column":19},"end":{"line":232,"column":54}},"68":{"start":{"line":233,"column":2},"end":{"line":233,"column":32}},"69":{"start":{"line":236,"column":2},"end":{"line":240,"column":3}},"70":{"start":{"line":237,"column":4},"end":{"line":239,"column":6}},"71":{"start":{"line":238,"column":6},"end":{"line":238,"column":73}},"72":{"start":{"line":243,"column":2},"end":{"line":245,"column":3}},"73":{"start":{"line":244,"column":4},"end":{"line":244,"column":34}},"74":{"start":{"line":248,"column":24},"end":{"line":250,"column":49}},"75":{"start":{"line":249,"column":18},"end":{"line":249,"column":78}},"76":{"start":{"line":249,"column":24},"end":{"line":249,"column":53}},"77":{"start":{"line":249,"column":64},"end":{"line":249,"column":76}},"78":{"start":{"line":250,"column":38},"end":{"line":250,"column":48}},"79":{"start":{"line":251,"column":2},"end":{"line":256,"column":3}},"80":{"start":{"line":252,"column":4},"end":{"line":254,"column":6}},"81":{"start":{"line":253,"column":6},"end":{"line":253,"column":63}},"82":{"start":{"line":255,"column":4},"end":{"line":255,"column":41}},"83":{"start":{"line":259,"column":22},"end":{"line":259,"column":50}},"84":{"start":{"line":260,"column":22},"end":{"line":260,"column":52}},"85":{"start":{"line":260,"column":43},"end":{"line":260,"column":51}},"86":{"start":{"line":261,"column":22},"end":{"line":261,"column":63}},"87":{"start":{"line":262,"column":2},"end":{"line":262,"column":35}},"88":{"start":{"line":265,"column":2},"end":{"line":279,"column":3}},"89":{"start":{"line":266,"column":17},"end":{"line":266,"column":34}},"90":{"start":{"line":267,"column":4},"end":{"line":278,"column":5}},"91":{"start":{"line":268,"column":18},"end":{"line":268,"column":58}},"92":{"start":{"line":269,"column":6},"end":{"line":269,"column":34}},"93":{"start":{"line":269,"column":25},"end":{"line":269,"column":34}},"94":{"start":{"line":270,"column":6},"end":{"line":270,"column":20}},"95":{"start":{"line":271,"column":21},"end":{"line":271,"column":81}},"96":{"start":{"line":272,"column":6},"end":{"line":277,"column":7}},"97":{"start":{"line":273,"column":21},"end":{"line":273,"column":99}},"98":{"start":{"line":273,"column":95},"end":{"line":273,"column":97}},"99":{"start":{"line":274,"column":8},"end":{"line":276,"column":10}},"100":{"start":{"line":275,"column":10},"end":{"line":275,"column":74}},"101":{"start":{"line":281,"column":2},"end":{"line":281,"column":49}},"102":{"start":{"line":283,"column":2},"end":{"line":285,"column":4}},"103":{"start":{"line":287,"column":2},"end":{"line":287,"column":23}},"104":{"start":{"line":299,"column":14},"end":{"line":299,"column":37}},"105":{"start":{"line":302,"column":2},"end":{"line":302,"column":31}},"106":{"start":{"line":304,"column":15},"end":{"line":304,"column":35}},"107":{"start":{"line":305,"column":2},"end":{"line":305,"column":23}},"108":{"start":{"line":307,"column":2},"end":{"line":307,"column":59}},"109":{"start":{"line":308,"column":2},"end":{"line":310,"column":4}},"110":{"start":{"line":311,"column":2},"end":{"line":317,"column":3}},"111":{"start":{"line":312,"column":4},"end":{"line":314,"column":6}},"112":{"start":{"line":316,"column":4},"end":{"line":316,"column":105}},"113":{"start":{"line":320,"column":23},"end":{"line":320,"column":83}},"114":{"start":{"line":320,"column":45},"end":{"line":320,"column":82}},"115":{"start":{"line":321,"column":24},"end":{"line":321,"column":63}},"116":{"start":{"line":328,"column":4},"end":{"line":328,"column":80}},"117":{"start":{"line":329,"column":19},"end":{"line":329,"column":59}},"118":{"start":{"line":330,"column":19},"end":{"line":330,"column":50}},"119":{"start":{"line":332,"column":2},"end":{"line":342,"column":3}},"120":{"start":{"line":333,"column":4},"end":{"line":333,"column":54}},"121":{"start":{"line":334,"column":4},"end":{"line":334,"column":109}},"122":{"start":{"line":335,"column":9},"end":{"line":342,"column":3}},"123":{"start":{"line":336,"column":4},"end":{"line":336,"column":54}},"124":{"start":{"line":337,"column":4},"end":{"line":337,"column":109}},"125":{"start":{"line":340,"column":4},"end":{"line":340,"column":43}},"126":{"start":{"line":341,"column":4},"end":{"line":341,"column":96}},"127":{"start":{"line":345,"column":2},"end":{"line":385,"column":3}},"128":{"start":{"line":346,"column":4},"end":{"line":384,"column":5}},"129":{"start":{"line":347,"column":18},"end":{"line":347,"column":78}},"130":{"start":{"line":347,"column":40},"end":{"line":347,"column":77}},"131":{"start":{"line":348,"column":21},"end":{"line":348,"column":34}},"132":{"start":{"line":350,"column":6},"end":{"line":354,"column":7}},"133":{"start":{"line":352,"column":8},"end":{"line":352,"column":38}},"134":{"start":{"line":353,"column":8},"end":{"line":353,"column":17}},"135":{"start":{"line":356,"column":6},"end":{"line":370,"column":7}},"136":{"start":{"line":358,"column":49},"end":{"line":364,"column":null}},"137":{"start":{"line":366,"column":8},"end":{"line":366,"column":43}},"138":{"start":{"line":367,"column":8},"end":{"line":367,"column":38}},"139":{"start":{"line":369,"column":8},"end":{"line":369,"column":68}},"140":{"start":{"line":373,"column":6},"end":{"line":373,"column":28}},"141":{"start":{"line":374,"column":6},"end":{"line":379,"column":7}},"142":{"start":{"line":375,"column":8},"end":{"line":375,"column":32}},"143":{"start":{"line":376,"column":8},"end":{"line":378,"column":10}},"144":{"start":{"line":377,"column":10},"end":{"line":377,"column":60}},"145":{"start":{"line":381,"column":6},"end":{"line":381,"column":75}},"146":{"start":{"line":383,"column":6},"end":{"line":383,"column":40}},"147":{"start":{"line":399,"column":2},"end":{"line":399,"column":34}},"148":{"start":{"line":401,"column":2},"end":{"line":401,"column":70}},"149":{"start":{"line":403,"column":14},"end":{"line":408,"column":3}},"150":{"start":{"line":404,"column":4},"end":{"line":407,"column":7}},"151":{"start":{"line":405,"column":6},"end":{"line":405,"column":78}},"152":{"start":{"line":406,"column":6},"end":{"line":406,"column":41}},"153":{"start":{"line":406,"column":23},"end":{"line":406,"column":31}},"154":{"start":{"line":410,"column":2},"end":{"line":410,"column":39}},"155":{"start":{"line":410,"column":30},"end":{"line":410,"column":39}},"156":{"start":{"line":411,"column":2},"end":{"line":411,"column":18}},"157":{"start":{"line":415,"column":2},"end":{"line":415,"column":47}},"158":{"start":{"line":415,"column":28},"end":{"line":415,"column":45}}},"fnMap":{"0":{"name":"resolveNftContractIds","decl":{"start":{"line":27,"column":16},"end":{"line":27,"column":37}},"loc":{"start":{"line":27,"column":55},"end":{"line":36,"column":1}}},"1":{"name":"(anonymous_1)","decl":{"start":{"line":35,"column":28},"end":{"line":35,"column":29}},"loc":{"start":{"line":35,"column":35},"end":{"line":35,"column":43}}},"2":{"name":"resolveSacContractIds","decl":{"start":{"line":58,"column":16},"end":{"line":58,"column":37}},"loc":{"start":{"line":58,"column":55},"end":{"line":81,"column":1}}},"3":{"name":"(anonymous_3)","decl":{"start":{"line":70,"column":9},"end":{"line":70,"column":10}},"loc":{"start":{"line":70,"column":16},"end":{"line":70,"column":24}}},"4":{"name":"createLoopState","decl":{"start":{"line":127,"column":9},"end":{"line":127,"column":24}},"loc":{"start":{"line":127,"column":41},"end":{"line":152,"column":1}}},"5":{"name":"getIndexerStats","decl":{"start":{"line":167,"column":16},"end":{"line":167,"column":31}},"loc":{"start":{"line":167,"column":49},"end":{"line":175,"column":1}}},"6":{"name":"getAllIndexerStats","decl":{"start":{"line":178,"column":16},"end":{"line":178,"column":34}},"loc":{"start":{"line":178,"column":34},"end":{"line":184,"column":1}}},"7":{"name":"runningNetworks","decl":{"start":{"line":187,"column":16},"end":{"line":187,"column":31}},"loc":{"start":{"line":187,"column":31},"end":{"line":189,"column":1}}},"8":{"name":"_resetIndexerLoops","decl":{"start":{"line":192,"column":16},"end":{"line":192,"column":34}},"loc":{"start":{"line":192,"column":34},"end":{"line":194,"column":1}}},"9":{"name":"pollOnce","decl":{"start":{"line":201,"column":15},"end":{"line":201,"column":23}},"loc":{"start":{"line":204,"column":22},"end":{"line":288,"column":1}}},"10":{"name":"(anonymous_10)","decl":{"start":{"line":222,"column":39},"end":{"line":222,"column":40}},"loc":{"start":{"line":222,"column":46},"end":{"line":222,"column":68}}},"11":{"name":"(anonymous_11)","decl":{"start":{"line":223,"column":39},"end":{"line":223,"column":40}},"loc":{"start":{"line":223,"column":46},"end":{"line":223,"column":67}}},"12":{"name":"(anonymous_12)","decl":{"start":{"line":229,"column":55},"end":{"line":229,"column":56}},"loc":{"start":{"line":230,"column":4},"end":{"line":230,"column":62}}},"13":{"name":"(anonymous_13)","decl":{"start":{"line":237,"column":53},"end":{"line":237,"column":54}},"loc":{"start":{"line":238,"column":6},"end":{"line":238,"column":73}}},"14":{"name":"(anonymous_14)","decl":{"start":{"line":249,"column":9},"end":{"line":249,"column":12}},"loc":{"start":{"line":249,"column":15},"end":{"line":249,"column":80}}},"15":{"name":"(anonymous_15)","decl":{"start":{"line":250,"column":12},"end":{"line":250,"column":13}},"loc":{"start":{"line":250,"column":38},"end":{"line":250,"column":48}}},"16":{"name":"(anonymous_16)","decl":{"start":{"line":252,"column":53},"end":{"line":252,"column":54}},"loc":{"start":{"line":253,"column":6},"end":{"line":253,"column":63}}},"17":{"name":"(anonymous_17)","decl":{"start":{"line":260,"column":36},"end":{"line":260,"column":37}},"loc":{"start":{"line":260,"column":43},"end":{"line":260,"column":51}}},"18":{"name":"(anonymous_18)","decl":{"start":{"line":273,"column":88},"end":{"line":273,"column":91}},"loc":{"start":{"line":273,"column":95},"end":{"line":273,"column":97}}},"19":{"name":"(anonymous_19)","decl":{"start":{"line":274,"column":84},"end":{"line":274,"column":85}},"loc":{"start":{"line":275,"column":10},"end":{"line":275,"column":74}}},"20":{"name":"startIndexer","decl":{"start":{"line":298,"column":22},"end":{"line":298,"column":34}},"loc":{"start":{"line":298,"column":52},"end":{"line":386,"column":1}}},"21":{"name":"(anonymous_21)","decl":{"start":{"line":320,"column":39},"end":{"line":320,"column":42}},"loc":{"start":{"line":320,"column":45},"end":{"line":320,"column":82}}},"22":{"name":"(anonymous_22)","decl":{"start":{"line":347,"column":34},"end":{"line":347,"column":37}},"loc":{"start":{"line":347,"column":40},"end":{"line":347,"column":77}}},"23":{"name":"(anonymous_23)","decl":{"start":{"line":376,"column":43},"end":{"line":376,"column":44}},"loc":{"start":{"line":377,"column":10},"end":{"line":377,"column":60}}},"24":{"name":"startAllIndexers","decl":{"start":{"line":396,"column":16},"end":{"line":396,"column":32}},"loc":{"start":{"line":396,"column":72},"end":{"line":412,"column":1}}},"25":{"name":"(anonymous_25)","decl":{"start":{"line":403,"column":14},"end":{"line":403,"column":15}},"loc":{"start":{"line":403,"column":31},"end":{"line":408,"column":3}}},"26":{"name":"(anonymous_26)","decl":{"start":{"line":404,"column":28},"end":{"line":404,"column":29}},"loc":{"start":{"line":404,"column":36},"end":{"line":407,"column":5}}},"27":{"name":"(anonymous_27)","decl":{"start":{"line":406,"column":17},"end":{"line":406,"column":20}},"loc":{"start":{"line":406,"column":23},"end":{"line":406,"column":31}}},"28":{"name":"sleep","decl":{"start":{"line":414,"column":9},"end":{"line":414,"column":14}},"loc":{"start":{"line":414,"column":25},"end":{"line":416,"column":1}}},"29":{"name":"(anonymous_29)","decl":{"start":{"line":415,"column":21},"end":{"line":415,"column":22}},"loc":{"start":{"line":415,"column":28},"end":{"line":415,"column":45}}}},"branchMap":{"0":{"loc":{"start":{"line":34,"column":4},"end":{"line":34,"column":83}},"type":"binary-expr","locations":[{"start":{"line":34,"column":4},"end":{"line":34,"column":45}},{"start":{"line":34,"column":49},"end":{"line":34,"column":77}},{"start":{"line":34,"column":81},"end":{"line":34,"column":83}}]},"1":{"loc":{"start":{"line":63,"column":4},"end":{"line":66,"column":6}},"type":"binary-expr","locations":[{"start":{"line":63,"column":4},"end":{"line":63,"column":45}},{"start":{"line":64,"column":4},"end":{"line":64,"column":32}},{"start":{"line":65,"column":4},"end":{"line":65,"column":28}},{"start":{"line":66,"column":4},"end":{"line":66,"column":6}}]},"2":{"loc":{"start":{"line":73,"column":2},"end":{"line":75,"column":3}},"type":"if","locations":
[...]
:17},"end":{"line":21,"column":34}},"13":{"start":{"line":23,"column":4},"end":{"line":32,"column":5}},"14":{"start":{"line":24,"column":6},"end":{"line":24,"column":22}},"15":{"start":{"line":25,"column":6},"end":{"line":29,"column":7}},"16":{"start":{"line":26,"column":8},"end":{"line":26,"column":24}},"17":{"start":{"line":27,"column":8},"end":{"line":27,"column":16}},"18":{"start":{"line":28,"column":8},"end":{"line":28,"column":17}},"19":{"start":{"line":30,"column":6},"end":{"line":30,"column":27}},"20":{"start":{"line":31,"column":6},"end":{"line":31,"column":15}},"21":{"start":{"line":34,"column":4},"end":{"line":44,"column":5}},"22":{"start":{"line":35,"column":6},"end":{"line":35,"column":32}},"23":{"start":{"line":35,"column":24},"end":{"line":35,"column":32}},"24":{"start":{"line":36,"column":6},"end":{"line":36,"column":55}},"25":{"start":{"line":36,"column":24},"end":{"line":36,"column":55}},"26":{"start":{"line":38,"column":6},"end":{"line":43,"column":7}},"27":{"start":{"line":39,"column":8},"end":{"line":39,"column":37}},"28":{"start":{"line":40,"column":8},"end":{"line":40,"column":21}},"29":{"start":{"line":41,"column":8},"end":{"line":41,"column":19}},"30":{"start":{"line":42,"column":8},"end":{"line":42,"column":17}},"31":{"start":{"line":46,"column":4},"end":{"line":46,"column":20}},"32":{"start":{"line":49,"column":2},"end":{"line":49,"column":51}},"33":{"start":{"line":49,"column":22},"end":{"line":49,"column":51}},"34":{"start":{"line":50,"column":2},"end":{"line":50,"column":17}},"35":{"start":{"line":54,"column":2},"end":{"line":56,"column":3}},"36":{"start":{"line":55,"column":4},"end":{"line":55,"column":71}},"37":{"start":{"line":58,"column":2},"end":{"line":58,"column":46}},"38":{"start":{"line":62,"column":24},"end":{"line":62,"column":113}},"39":{"start":{"line":63,"column":2},"end":{"line":69,"column":3}},"40":{"start":{"line":64,"column":4},"end":{"line":68,"column":6}},"41":{"start":{"line":71,"column":26},"end":{"line":71,"column":94}},"42":{"start":{"line":72,"column":2},"end":{"line":74,"column":3}},"43":{"start":{"line":73,"column":4},"end":{"line":73,"column":64}},"44":{"start":{"line":76,"column":40},"end":{"line":76,"column":55}},"45":{"start":{"line":77,"column":2},"end":{"line":82,"column":4}},"46":{"start":{"line":86,"column":2},"end":{"line":89,"column":3}},"47":{"start":{"line":87,"column":4},"end":{"line":87,"column":85}},"48":{"start":{"line":87,"column":38},"end":{"line":87,"column":85}},"49":{"start":{"line":88,"column":4},"end":{"line":88,"column":47}},"50":{"start":{"line":91,"column":2},"end":{"line":99,"column":3}},"51":{"start":{"line":92,"column":23},"end":{"line":92,"column":46}},"52":{"start":{"line":93,"column":4},"end":{"line":93,"column":62}},"53":{"start":{"line":93,"column":36},"end":{"line":93,"column":62}},"54":{"start":{"line":94,"column":4},"end":{"line":97,"column":5}},"55":{"start":{"line":95,"column":23},"end":{"line":95,"column":53}},"56":{"start":{"line":96,"column":6},"end":{"line":96,"column":60}},"57":{"start":{"line":96,"column":36},"end":{"line":96,"column":60}},"58":{"start":{"line":98,"column":4},"end":{"line":98,"column":59}},"59":{"start":{"line":101,"column":21},"end":{"line":101,"column":44}},"60":{"start":{"line":102,"column":20},"end":{"line":104,"column":16}},"61":{"start":{"line":105,"column":15},"end":{"line":105,"column":34}},"62":{"start":{"line":106,"column":2},"end":{"line":108,"column":3}},"63":{"start":{"line":107,"column":4},"end":{"line":107,"column":56}},"64":{"start":{"line":109,"column":2},"end":{"line":109,"column":14}},"65":{"start":{"line":116,"column":21},"end":{"line":116,"column":35}},"66":{"start":{"line":117,"column":2},"end":{"line":117,"column":36}},"67":{"start":{"line":117,"column":19},"end":{"line":117,"column":36}},"68":{"start":{"line":119,"column":2},"end":{"line":121,"column":3}},"69":{"start":{"line":120,"column":4},"end":{"line":120,"column":63}},"70":{"start":{"line":123,"column":18},"end":{"line":123,"column":45}},"71":{"start":{"line":124,"column":2},"end":{"line":124,"column":45}},"72":{"start":{"line":124,"column":28},"end":{"line":124,"column":45}},"73":{"start":{"line":126,"column":18},"end":{"line":157,"column":4}},"74":{"start":{"line":127,"column":19},"end":{"line":127,"column":38}},"75":{"start":{"line":128,"column":23},"end":{"line":128,"column":43}},"76":{"start":{"line":129,"column":4},"end":{"line":131,"column":5}},"77":{"start":{"line":130,"column":6},"end":{"line":130,"column":68}},"78":{"start":{"line":133,"column":4},"end":{"line":144,"column":5}},"79":{"start":{"line":134,"column":6},"end":{"line":136,"column":7}},"80":{"start":{"line":135,"column":8},"end":{"line":135,"column":91}},"81":{"start":{"line":138,"column":6},"end":{"line":143,"column":8}},"82":{"start":{"line":146,"column":18},"end":{"line":146,"column":78}},"83":{"start":{"line":148,"column":4},"end":{"line":150,"column":5}},"84":{"start":{"line":149,"column":6},"end":{"line":149,"column":39}},"85":{"start":{"line":152,"column":4},"end":{"line":156,"column":6}},"86":{"start":{"line":159,"column":2},"end":{"line":159,"column":62}},"87":{"start":{"line":163,"column":21},"end":{"line":163,"column":35}},"88":{"start":{"line":164,"column":2},"end":{"line":164,"column":36}},"89":{"start":{"line":164,"column":19},"end":{"line":164,"column":36}},"90":{"start":{"line":166,"column":20},"end":{"line":169,"column":20}},"91":{"start":{"line":168,"column":20},"end":{"line":168,"column":32}},"92":{"start":{"line":171,"column":2},"end":{"line":171,"column":47}},"93":{"start":{"line":171,"column":30},"end":{"line":171,"column":47}},"94":{"start":{"line":173,"column":18},"end":{"line":173,"column":40}},"95":{"start":{"line":174,"column":27},"end":{"line":174,"column":29}},"96":{"start":{"line":175,"column":2},"end":{"line":183,"column":3}},"97":{"start":{"line":176,"column":4},"end":{"line":178,"column":5}},"98":{"start":{"line":177,"column":6},"end":{"line":177,"column":61}},"99":{"start":{"line":179,"column":4},"end":{"line":181,"column":5}},"100":{"start":{"line":180,"column":6},"end":{"line":180,"column":61}},"101":{"start":{"line":182,"column":4},"end":{"line":182,"column":52}},"102":{"start":{"line":182,"column":33},"end":{"line":182,"column":52}},"103":{"start":{"line":185,"column":2},"end":{"line":185,"column":16}},"104":{"start":{"line":189,"column":2},"end":{"line":189,"column":75}},"105":{"start":{"line":193,"column":21},"end":{"line":193,"column":35}},"106":{"start":{"line":194,"column":2},"end":{"line":194,"column":36}},"107":{"start":{"line":194,"column":19},"end":{"line":194,"column":36}},"108":{"start":{"line":196,"column":2},"end":{"line":203,"column":3}},"109":{"start":{"line":197,"column":20},"end":{"line":197,"column":85}},"110":{"start":{"line":198,"column":4},"end":{"line":200,"column":5}},"111":{"start":{"line":199,"column":6},"end":{"line":199,"column":24}},"112":{"start":{"line":205,"column":2},"end":{"line":205,"column":19}},"113":{"start":{"line":213,"column":45},"end":{"line":213,"column":47}},"114":{"start":{"line":214,"column":25},"end":{"line":214,"column":70}},"115":{"start":{"line":216,"column":2},"end":{"line":226,"column":3}},"116":{"start":{"line":217,"column":4},"end":{"line":220,"column":5}},"117":{"start":{"line":218,"column":6},"end":{"line":218,"column":39}},"118":{"start":{"line":219,"column":6},"end":{"line":219,"column":15}},"119":{"start":{"line":222,"column":20},"end":{"line":222,"column":34}},"120":{"start":{"line":223,"column":4},"end":{"line":225,"column":5}},"121":{"start":{"line":224,"column":6},"end":{"line":224,"column":41}},"122":{"start":{"line":228,"column":2},"end":{"line":232,"column":3}},"123":{"start":{"line":229,"column":4},"end":{"line":231,"column":5}},"124":{"start":{"line":230,"column":6},"end":{"line":230,"column":41}},"125":{"start":{"line":234,"column":2},"end":{"line":234,"column":19}}},"fnMap":{"0":{"name":"splitAndClauses","decl":{"start":{"line":13,"column":9},"end":{"line":13,"column":24}},"loc":{"start":{"line":13,"column":39},"end":{"line":51,"column":1}}},"1":{"name":"parseStringLiteral","decl":{"start":{"line":53,"column":9},"end":{"line":53,"column":27}},"loc":{"start":{"line":53,"column":39},"end":{"line":59,"column":1}}},"2":{"name":"parseClause","decl":{"start":{"line":61,"column":9},"end":{"line":61,"column":20}},"loc":{"start":{"line":61,"column":38},"end":{"line":83,"column":1}}},"3":{"name":"parseComparisonValue","decl":{"start":{"line":85,"column":9},"end":{"line":85,"column":29}},"loc":{"start":{"line":85,"column":91},"end":{"line":110,"column":1}}},"4":{"name":"parseODataFilter","decl":{"start":{"line":112,"column":16},"end":{"line":112,"column":32}},"loc":{"start":{"line":114,"column":41},"end":{"line":160,"column":1}}},"5":{"name":"(anonymous_5)","decl":{"start":{"line":126,"column":30},"end":{"line":126,"column":31}},"loc":{"start":{"line":126,"column":41},"end":{"line":157,"column":3}}},"6":{"name":"parseODataSelect","decl":{"start":{"line":162,"column":16},"end":{"line":162,"column":32}},"loc":{"start":{"line":162,"column":84},"end":{"line":186,"column":1}}},"7":{"name":"(anonymous_7)","decl":{"start":{"line":168,"column":9},"end":{"line":168,"column":10}},"loc":{"start":{"line":168,"column":20},"end":{"line":168,"column":32}}},"8":{"name":"encodeCursor","decl":{"start":{"line":188,"column":16},"end":{"line":188,"column":28}},"loc":{"start":{"line":188,"column":39},"end":{"line":190,"column":1}}},"9":{"name":"decodeCursor","decl":{"start":{"line":192,"column":16},"end":{"line":192,"column":28}},"loc":{"start":{"line":192,"column":55},"end":{"line":206,"column":1}}},"10":{"name":"projectRecord","decl":{"start":{"line":208,"column":16},"end":{"line":208,"column":29}},"loc":{"start":{"line":211,"column":51},"end":{"line":235,"column":1}}}},"branchMap":{"0":{"loc":{"start":{"line":23,"column":4},"end":{"line":32,"column":5}},"type":"if","locations":[{"start":{"line":23,"column":4},"end":{"line":32,"column":5}},{"start":{},"end":{}}]},"1":{"loc":{"start":{"line":25,"column":6},"end":{"line":29,"column":7}},"type":"if","locations":[{"start":{"line":25,"column":6},"end":{"line":29,"column":7}},{"start":{},"end":{}}]},"2":{"loc":{"start":{"line":25,"column":10},"end":{"line":25,"column":34}},"type":"binary-expr","locations":[{"start":{"line":25,"column":10},"end":{"line":25,"column":18}},{"start":{"line":25,"column":22},"end":{"line":25,"column":34}}]},"3":{"loc":{"start":{"line":34,"column":4},"end":{"line":44,"column":5}},"type":"if","locations":[{"start":{"line":34,"column":4},"end":{"line":44,"column":5}},{"start":{},"end":{}}]},"4":{"loc":{"start":{"line":35,"column":6},"end":{"line":35,"column":32}},"type":"if","locations":[{"start":{"line":35,"column":6},"end":{"line":35,"column":32}},{"start":{},"end":{}}]},"5":{"loc":{"start":{"line":36,"column":6},"end":{"line":36,"column":55}},"type":"if","locations":[{"start":{"line":36,"column":6},"end":{"line":36,"column":55}},{"start":{},"end":{}}]},"6":{"loc":{"start":{"line":38,"column":6},"end":{"line":43,"column":7}},"type":"if","locations":[{"start":{"line":38,"column":6},"end":{"line":43,"column":7}},{"start":{},"end":{}}]},"7":{"loc":{"start":{"line":38,"column":10},"end":{"line":38,"column":80}},"type":"binary-expr","locations":[{"start":{"line":38,"column":10},"end":{"line":38,"column":21}},{"start":{"line":38,"column":25},"end":{"line":38,"column":80}}]},"8":{"loc":{"start":{"line":49,"column":2},"end":{"line":49,"column":51}},"type":"if","locations":[{"start":{"line":49,"column":2},"end":{"line":49,"column":51}},{"start":{},"end":{}}]},"9":{"loc":{"start":{"line":54,"column":2},"end":{"line":56,"column":3}},"type":"if","locations":[{"start":{"line":54,"column":2},"end":{"line":56,"column":3}},{"start":{},"end":{}}]},"10":{"loc":{"start":{"line":54,"column":6},"end":{"line":54,"column":48}},"type":"binary-expr","locations":[{"start":{"line":54,"column":6},"end":{"line":54,"column":26}},{"start":{"line":54,"column":30},"end":{"line":54,"column":48}}]},"11":{"loc":{"start":{"line":63,"column":2},"end":{"line":69,"column":3}},"type":"if","locations":[{"start":{"line":63,"column":2},"end":{"line":69,"column":3}},{"start":{},"end":{}}]},"12":{"loc":{"start":{"line":72,"column":2},"end":{"line":74,"column":3}},"type":"if","locations":[{"start":{"line":72,"column":2},"end":{"line":74,"column":3}},{"start":{},"end":{}}]},"13":{"loc":{"start":{"line":86,"column":2},"end":{"line":89,"column":3}},"type":"if","locations":[{"start":{"line":86,"column":2},"end":{"line":89,"column":3}},{"start":{},"end":{}}]},"14":{"loc":{"start":{"line":87,"column":4},"end":{"line":87,"column":85}},"type":"if","locations":[{"start":{"line":87,"column":4},"end":{"line":87,"column":85}},{"start":{},"end":{}}]},"15":{"loc":{"start":{"line":91,"column":2},"end":{"line":99,"column":3}},"type":"if","locations":[{"start":{"line":91,"column":2},"end":{"line":99,"column":3}},{"start":{},"end":{}}]},"16":{"loc":{"start":{"line":93,"column":4},"end":{"line":93,"column":62}},"type":"if","locations":[{"start":{"line":93,"column":4},"end":{"line":93,"column":62}},{"start":{},"end":{}}]},"17":{"loc":{"start":{"line":94,"column":4},"end":{"line":97,"column":5}},"type":"if","locations":[{"start":{"line":94,"column":4},"end":{"line":97,"column":5}},{"start":{},"end":{}}]},"18":{"loc":{"start":{"line":94,"column":8},"end":{"line":94,"column":62}},"type":"binary-expr","locations":[{"start":{"line":94,"column":8},"end":{"line":94,"column":34}},{"start":{"line":94,"column":38},"end":{"line":94,"column":62}}]},"19":{"loc":{"start":{"line":96,"column":6},"end":{"line":96,"column":60}},"type":"if","locations":[{"start":{"line":96,"column":6},"end":{"line":96,"column":60}},{"start":{},"end":{}}]},"20":{"loc":{"start":{"line":102,"column":20},"end":{"line":104,"column":16}},"type":"cond-expr","locations":[{"start":{"line":103,"column":6},"end":{"line":103,"column":36}},{"start":{"line":104,"column":6},"end":{"line":104,"column":16}}]},"21":{"loc":{"start":{"line":102,"column":20},"end":{"line":102,"column":74}},"type":"binary-expr","locations":[{"start":{"line":102,"column":20},"end":{"line":102,"column":46}},{"start":{"line":102,"column":50},"end":{"line":102,"column":74}}]},"22":{"loc":{"start":{"line":106,"column":2},"end":{"line":108,"column":3}},"type":"if","locations":[{"start":{"line":106,"column":2},"end":{"line":108,"column":3}},{"start":{},"end":{}}]},"23":{"loc":{"start":{"line":117,"column":2},"end":{"line":117,"column":36}},"type":"if","locations":[{"start":{"line":117,"column":2},"end":{"line":117,"column":36}},{"start":{},"end":{}}]},"24":{"loc":{"start":{"line":119,"column":2},"end":{"line":121,"column":3}},"type":"if","locations":[{"start":{"line":119,"column":2},"end":{"line":121,"column":3}},{"start":{},"end":{}}]},"25":{"loc":{"start":{"line":124,"column":2},"end":{"line":124,"column":45}},"type":"if","locations":[{"start":{"line":124,"column":2},"end":{"line":124,"column":45}},{"start":{},"end":{}}]},"26":{"loc":{"start":{"line":129,"column":4},"end":{"line":131,"column":5}},"type":"if","locations":[{"start":{"line":129,"column":4},"end":{"line":131,"column":5}},{"start":{},"end":{}}]},"27":{"loc":{"start":{"line":133,"column":4},"end":{"line":144,"column":5}},"type":"if","locations":[{"start":{"line":133,"column":4},"end":{"line":144,"column":5}},{"start":{},"end":{}}]},"28":{"loc":{"start":{"line":134,"column":6},"end":{"line":136,"column":7}},"type":"if","locations":[{"start":{"line":134,"column":6},"end":{"line":136,"column":7}},{"start":{},"end":{}}]},"29":{"loc":{"start":{"line":148,"column":4},"end":{"line":150,"column":5}},"type":"if","locations":[{"start":{"line":148,"column":4},"end":{"line":150,"column":5}},{"start":{},"end":{}}]},"30":{"loc":{"start":{"line":159,"column":9},"end":{"line":159,"column":61}},"type":"cond-expr","locations":[{"start":{"line":159,"column":32},"end":{"line":159,"column":42}},{"start":{"line":159,"column":45},"end":{"line":159,"column":61}}]},"31":{"loc":{"start":{"line":164,"column":2},"end":{"line":164,"column":36}},"type":"if","locations":[{"start":{"line":164,"column":2},"end":{"line":164,"column":36}},{"start":{},"end":{}}]},"32":{"loc":{"start":{"line":171,"column":2},"end":{"line":171,"column":47}},"type":"if","locations":[{"start":{"line":171,"column":2},"end":{"line":171,"column":47}},{"start":{},"end":{}}]},"33":{"loc":{"start":{"line":176,"column":4},"end":{"line":178,"column":5}},"type":"if","locations":[{"start":{"line":176,"column":4},"end":{"line":178,"column":5}},{"start":{},"end":{}}]},"34":{"loc":{"start":{"line":179,"column":4},"end":{"line":181,"column":5}},"type":"if","locations":[{"start":{"line":179,"column":4},"end":{"line":181,"column":5}},{"start":{},"end":{}}]},"35":{"loc":{"start":{"line":182,"column":4},"end":{"line":182,"column":52}},"type":"if","locations":[{"start":{"line":182,"column":4},"end":{"line":182,"column":52}},{"start":{},"end":{}}]},"36":{"loc":{"start":{"line":194,"column":2},"end":{"line":194,"column":36}},"type":"if","locations":[{"start":{"line":194,"column":2},"end":{"line":194,"column":36}},{"start":{},"end":{}}]},"37":{"loc":{"start":{"line":198,"column":4},"end":{"line":200,"column":5}},"type":"if","locations":[{"start":{"line":198,"column":4},"end":{"line":200,"column":5}},{"start":{},"end":{}}]},"38":{"loc":{"start":{"line":198,"column":8},"end":{"line":198,"column":70}},"type":"binary-expr","locations":[{"start":{"line":198,"column":8},"end":{"line":198,"column":38}},{"start":{"line":198,"column":42},"end":{"line":198,"column":70}}]},"39":{"loc":{"start":{"line":211,"column":2},"end":{"line":211,"column":51}},"type":"default-arg","locations":[{"start":{"line":211,"column":49},"end":{"line":211,"column":51}}]},"40":{"loc":{"start":{"line":214,"column":25},"end":{"line":214,"column":70}},"type":"cond-expr","locations":[{"start":{"line":214,"column":42},"end":{"line":214,"column":48}},{"start":{"line":214,"column":51},"end":{"line":214,"column":70}}]},"41":{"loc":{"start":{"line":217,"column":4},"end":{"line":220,"column":5}},"type":"if","locations":[{"start":{"line":217,"column":4},"end":{"line":220,"column":5}},{"start":{},"end":{}}]},"42":{"loc":{"start":{"line":223,"column":4},"end":{"line":225,"column":5}},"type":"if","locations":[{"start":{"line":223,"column":4},"end":{"line":225,"column":5}},{"start":{},"end":{}}]},"43":{"loc":{"start":{"line":228,"column":2},"end":{"line":232,"column":3}},"type":"if","locations":[{"start":{"line":228,"column":2},"end":{"line":232,"column":3}},{"start":{},"end":{}}]}},"s":{"0":1,"1":1,"2":1,"3":1,"4":1,"5":0,"6":0,"7":0,"8":0,"9":0,"10":0,"11":0,"12":0,"13":0,"14":0,"15":0,"16":0,"17":0,"18":0,"19":0,"20":0,"21":0,"22":0,"23":0,"24":0,"25":0,"26":0,"27":0,"28":0,"29":0,"30":0,"31":0,"32":0,"33":0,"34":0,"35":0,"36":0,"37":0,"38":0,"39":0,"40":0,"41":0,"42":0,"43":0,"44":0,"45":0,"46":0,"47":0,"48":0,"49":0,"50":0,"51":0,"52":0,"53":0,"54":0,"55":0,"56":0,"57":0,"58":0,"59":0,"60":0,"61":0,"62":0,"63":0,"64":0,"65":0,"66":0,"67":0,"68":0,"69":0,"70":0,"71":0,"72":0,"73":0,"74":0,"75":0,"76":0,"77":0,"78":0,"79":0,"80":0,"81":0,"82":0,"83":0,"84":0,"85":0,"86":0,"87":0,"88":0,"89":0,"90":0,"91":0,"92":0,"93":0,"94":0,"95":0,"96":0,"97":0,"98":0,"99":0,"100":0,"101":0,"102":0,"103":0,"104":0,"105":0,"106":0,"107":0,"108":0,"109":0,"110":0,"111":0,"112":0,"113":0,"114":0,"115":0,"116":0,"117":0,"118":0,"119":0,"120":0,"121":0,"122":0,"123":0,"124":0,"125":0},"f":{"0":0,"1":0,"2":0,"3":0,"4":0,"5":0,"6":0,"7":0,"8":0,"9":0,"10":0},"b":{"0":[0,0],"1":[0,0],"2":[0,0],"3":[0,0],"4":[0,0],"5":[0,0],"6":[0,0],"7":[0,0],"8":[0,0],"9":[0,0],"10":[0,0],"11":[0,0],"12":[0,0],"13":[0,0],"14":[0,0],"15":[0,0],"16":[0,0],"17":[0,0],"18":[0,0],"19":[0,0],"20":[0,0],"21":[0,0],"22":[0,0],"23":[0,0],"24":[0,0],"25":[0,0],"26":[0,0],"27":[0,0],"28":[0,0],"29":[0,0],"30":[0,0],"31":[0,0],"32":[0,0],"33":[0,0],"34":[0,0],"35":[0,0],"36":[0,0],"37":[0,0],"38":[0,0],"39":[0],"40":[0,0],"41":[0,0],"42":[0,0],"43":[0,0]}}
}
