TN:
SF:src\db.ts
FN:13,toDisplayAmount
FN:29,(anonymous_1)
FN:65,buildListPage
FN:77,selectRows
FN:82,(anonymous_4)
FN:175,upsertTransfers
FN:184,(anonymous_6)
FN:196,getLastIndexedLedger
FN:206,getLastIndexedState
FN:218,setLastIndexedLedger
FN:234,getBackfillCursor
FN:245,setBackfillCursor
FN:257,clearBackfillCursor
FN:268,pruneOldTransfers
FN:307,queryTransfers
FN:392,(anonymous_15)
FN:398,queryByTxHash
FN:425,querySummary
FN:455,upsertNftTransfers
FN:462,(anonymous_19)
FN:468,getNftMetadata
FN:487,rollbackToLedger
FN:519,upsertNftMetadata
FN:553,queryNftTransfers
FN:629,getNftOwner
FN:655,upsertAccountSummaries
FN:670,(anonymous_26)
FN:720,getAccountSummary
FN:754,queryAccountSummaries
FN:801,(anonymous_29)
FN:802,(anonymous_30)
FN:803,(anonymous_31)
FN:827,queryAllTransfers
FN:908,(anonymous_33)
FN:909,(anonymous_34)
FN:930,queryPopularAssets
FNF:36
FNH:0
FNDA:0,toDisplayAmount
FNDA:0,(anonymous_1)
FNDA:0,buildListPage
FNDA:0,selectRows
FNDA:0,(anonymous_4)
FNDA:0,upsertTransfers
FNDA:0,(anonymous_6)
FNDA:0,getLastIndexedLedger
FNDA:0,getLastIndexedState
FNDA:0,setLastIndexedLedger
FNDA:0,getBackfillCursor
FNDA:0,setBackfillCursor
FNDA:0,clearBackfillCursor
FNDA:0,pruneOldTransfers
FNDA:0,queryTransfers
FNDA:0,(anonymous_15)
FNDA:0,queryByTxHash
FNDA:0,querySummary
FNDA:0,upsertNftTransfers
FNDA:0,(anonymous_19)
FNDA:0,getNftMetadata
FNDA:0,rollbackToLedger
FNDA:0,upsertNftMetadata
FNDA:0,queryNftTransfers
FNDA:0,getNftOwner
FNDA:0,upsertAccountSummaries
FNDA:0,(anonymous_26)
FNDA:0,getAccountSummary
FNDA:0,queryAccountSummaries
FNDA:0,(anonymous_29)
FNDA:0,(anonymous_30)
FNDA:0,(anonymous_31)
FNDA:0,queryAllTransfers
FNDA:0,(anonymous_33)
FNDA:0,(anonymous_34)
FNDA:0,queryPopularAssets
DA:1,1
DA:3,1
DA:4,1
DA:11,1
DA:13,1
DA:14,0
DA:15,0
DA:16,0
DA:17,0
DA:18,0
DA:19,0
DA:22,1
DA:26,1
DA:28,1
DA:29,0
DA:32,1
DA:44,1
DA:66,0
DA:67,0
DA:70,0
DA:71,0
DA:82,0
DA:85,1
DA:102,1
DA:115,1
DA:130,1
DA:144,1
DA:157,1
DA:175,1
DA:179,0
DA:180,0
DA:183,0
DA:184,0
DA:188,0
DA:196,1
DA:197,0
DA:200,0
DA:206,1
DA:209,0
DA:212,0
DA:218,1
DA:219,0
DA:220,0
DA:234,1
DA:237,0
DA:240,0
DA:245,1
DA:249,0
DA:250,0
DA:257,1
DA:258,0
DA:262,1
DA:268,1
DA:269,0
DA:270,0
DA:271,0
DA:275,0
DA:279,0
DA:280,0
DA:285,0
DA:307,1
DA:324,0
DA:326,0
DA:350,0
DA:351,0
DA:355,0
DA:356,0
DA:373,0
DA:374,0
DA:376,0
DA:387,0
DA:389,0
DA:392,0
DA:398,1
DA:399,0
DA:425,1
DA:426,0
DA:430,0
DA:434,0
DA:435,0
DA:436,0
DA:438,0
DA:440,0
DA:455,1
DA:459,0
DA:460,0
DA:461,0
DA:462,0
DA:465,0
DA:468,1
DA:473,0
DA:487,1
DA:491,0
DA:496,0
DA:508,0
DA:510,0
DA:511,0
DA:513,0
DA:516,0
DA:519,1
DA:525,0
DA:526,0
DA:553,1
DA:566,0
DA:568,0
DA:583,0
DA:584,0
DA:588,0
DA:589,0
DA:604,0
DA:605,0
DA:606,0
DA:617,0
DA:619,0
DA:629,1
DA:634,0
DA:639,0
DA:655,1
DA:659,0
DA:662,0
DA:665,0
DA:670,0
DA:671,0
DA:672,0
DA:673,0
DA:683,0
DA:684,0
DA:685,0
DA:686,0
DA:689,0
DA:690,0
DA:691,0
DA:692,0
DA:699,0
DA:720,1
DA:725,0
DA:754,1
DA:755,0
DA:757,0
DA:763,0
DA:764,0
DA:768,0
DA:769,0
DA:783,0
DA:784,0
DA:785,0
DA:796,0
DA:798,0
DA:801,0
DA:802,0
DA:803,0
DA:827,1
DA:843,0
DA:845,0
DA:869,0
DA:870,0
DA:874,0
DA:875,0
DA:876,0
DA:877,0
DA:894,0
DA:905,0
DA:907,0
DA:908,0
DA:909,0
DA:912,0
DA:930,1
DA:931,0
DA:932,0
DA:933,0
DA:935,0
DA:941,0
DA:946,0
DA:948,0
DA:961,0
LF:175
LH:39
BRDA:15,0,0,0
BRDA:15,0,1,0
BRDA:18,1,0,0
BRDA:18,1,1,0
BRDA:28,2,0,0
BRDA:28,2,1,1
BRDA:33,3,0,1
BRDA:33,3,1,1
BRDA:37,4,0,0
BRDA:37,4,1,1
BRDA:44,5,0,1
BRDA:44,5,1,0
BRDA:66,6,0,0
BRDA:66,6,1,0
BRDA:80,7,0,0
BRDA:179,8,0,0
BRDA:179,8,1,0
BRDA:200,9,0,0
BRDA:200,9,1,0
BRDA:212,10,0,0
BRDA:212,10,1,0
BRDA:240,11,0,0
BRDA:240,11,1,0
BRDA:262,12,0,1
BRDA:262,12,1,0
BRDA:279,13,0,0
BRDA:279,13,1,0
BRDA:322,14,0,0
BRDA:323,15,0,0
BRDA:328,16,0,0
BRDA:328,16,1,0
BRDA:329,17,0,0
BRDA:329,17,1,0
BRDA:330,18,0,0
BRDA:330,18,1,0
BRDA:331,19,0,0
BRDA:331,19,1,0
BRDA:332,20,0,0
BRDA:332,20,1,0
BRDA:332,21,0,0
BRDA:332,21,1,0
BRDA:335,22,0,0
BRDA:335,22,1,0
BRDA:336,23,0,0
BRDA:336,23,1,0
BRDA:340,24,0,0
BRDA:340,24,1,0
BRDA:340,25,0,0
BRDA:340,25,1,0
BRDA:343,26,0,0
BRDA:343,26,1,0
BRDA:344,27,0,0
BRDA:344,27,1,0
BRDA:351,28,0,0
BRDA:351,28,1,0
BRDA:356,29,0,0
BRDA:356,29,1,0
BRDA:363,30,0,0
BRDA:363,30,1,0
BRDA:382,31,0,0
BRDA:382,31,1,0
BRDA:383,32,0,0
BRDA:383,32,1,0
BRDA:434,33,0,0
BRDA:434,33,1,0
BRDA:435,34,0,0
BRDA:435,34,1,0
BRDA:436,35,0,0
BRDA:436,35,1,0
BRDA:459,36,0,0
BRDA:459,36,1,0
BRDA:508,37,0,0
BRDA:508,37,1,0
BRDA:508,38,0,0
BRDA:508,38,1,0
BRDA:508,39,0,0
BRDA:508,39,1,0
BRDA:510,40,0,0
BRDA:510,40,1,0
BRDA:532,41,0,0
BRDA:532,41,1,0
BRDA:533,42,0,0
BRDA:533,42,1,0
BRDA:535,43,0,0
BRDA:535,43,1,0
BRDA:535,44,0,0
BRDA:535,44,1,0
BRDA:564,45,0,0
BRDA:565,46,0,0
BRDA:570,47,0,0
BRDA:570,47,1,0
BRDA:571,48,0,0
BRDA:571,48,1,0
BRDA:572,49,0,0
BRDA:572,49,1,0
BRDA:573,50,0,0
BRDA:573,50,1,0
BRDA:573,51,0,0
BRDA:573,51,1,0
BRDA:576,52,0,0
BRDA:576,52,1,0
BRDA:577,53,0,0
BRDA:577,53,1,0
BRDA:584,54,0,0
BRDA:584,54,1,0
BRDA:589,55,0,0
BRDA:589,55,1,0
BRDA:612,56,0,0
BRDA:612,56,1,0
BRDA:613,57,0,0
BRDA:613,57,1,0
BRDA:639,58,0,0
BRDA:639,58,1,0
BRDA:659,59,0,0
BRDA:659,59,1,0
BRDA:672,60,0,0
BRDA:672,60,1,0
BRDA:679,61,0,0
BRDA:679,61,1,0
BRDA:685,62,0,0
BRDA:685,62,1,0
BRDA:686,63,0,0
BRDA:686,63,1,0
BRDA:729,64,0,0
BRDA:729,64,1,0
BRDA:755,65,0,0
BRDA:755,66,0,0
BRDA:760,67,0,0
BRDA:760,67,1,0
BRDA:764,68,0,0
BRDA:764,68,1,0
BRDA:769,69,0,0
BRDA:769,69,1,0
BRDA:791,70,0,0
BRDA:791,70,1,0
BRDA:792,71,0,0
BRDA:792,71,1,0
BRDA:841,72,0,0
BRDA:842,73,0,0
BRDA:848,74,0,0
BRDA:848,74,1,0
BRDA:849,75,0,0
BRDA:849,75,1,0
BRDA:850,76,0,0
BRDA:850,76,1,0
BRDA:851,77,0,0
BRDA:851,77,1,0
BRDA:851,78,0,0
BRDA:851,78,1,0
BRDA:854,79,0,0
BRDA:854,79,1,0
BRDA:855,80,0,0
BRDA:855,80,1,0
BRDA:859,81,0,0
BRDA:859,81,1,0
BRDA:859,82,0,0
BRDA:859,82,1,0
BRDA:862,83,0,0
BRDA:862,83,1,0
BRDA:863,84,0,0
BRDA:863,84,1,0
BRDA:870,85,0,0
BRDA:870,85,1,0
BRDA:877,86,0,0
BRDA:877,86,1,0
BRDA:884,87,0,0
BRDA:884,87,1,0
BRDA:900,88,0,0
BRDA:900,88,1,0
BRDA:901,89,0,0
BRDA:901,89,1,0
BRDA:907,90,0,0
BRDA:907,90,1,0
BRDA:909,91,0,0
BRDA:909,91,1,0
BRDA:935,92,0,0
BRDA:935,92,1,0
BRDA:946,93,0,0
BRDA:946,93,1,0
BRF:179
BRH:6
end_of_record
TN:
SF:src\decoder.ts
FN:15,decode
FN:23,decodeAddress
FN:33,decodeI128
FN:73,parseEvent
FN:146,parseEvents
FNF:5
FNH:0
FNDA:0,decode
FNDA:0,decodeAddress
FNDA:0,decodeI128
FNDA:0,parseEvent
FNDA:0,parseEvents
DA:1,1
DA:7,1
DA:16,0
DA:24,0
DA:25,0
DA:26,0
DA:34,0
DA:36,0
DA:38,0
DA:39,0
DA:73,1
DA:76,0
DA:79,0
DA:82,0
DA:83,0
DA:84,0
DA:85,0
DA:88,0
DA:89,0
DA:92,0
DA:93,0
DA:95,0
DA:97,0
DA:98,0
DA:100,0
DA:101,0
DA:102,0
DA:103,0
DA:106,0
DA:108,0
DA:109,0
DA:111,0
DA:112,0
DA:113,0
DA:117,0
DA:119,0
DA:120,0
DA:122,0
DA:123,0
DA:124,0
DA:129,0
DA:146,1
DA:147,0
DA:148,0
DA:150,0
DA:151,0
DA:152,0
DA:153,0
DA:155,0
DA:159,0
DA:160,0
DA:163,0
LF:52
LH:4
BRDA:24,0,0,0
BRDA:24,0,1,0
BRDA:36,1,0,0
BRDA:36,1,1,0
BRDA:38,2,0,0
BRDA:38,2,1,0
BRDA:79,3,0,0
BRDA:79,3,1,0
BRDA:79,4,0,0
BRDA:79,4,1,0
BRDA:83,5,0,0
BRDA:83,5,1,0
BRDA:85,6,0,0
BRDA:85,6,1,0
BRDA:89,7,0,0
BRDA:89,7,1,0
BRDA:95,8,0,0
BRDA:95,8,1,0
BRDA:97,9,0,0
BRDA:97,9,1,0
BRDA:102,10,0,0
BRDA:102,10,1,0
BRDA:102,11,0,0
BRDA:102,11,1,0
BRDA:106,12,0,0
BRDA:106,12,1,0
BRDA:108,13,0,0
BRDA:108,13,1,0
BRDA:112,14,0,0
BRDA:112,14,1,0
BRDA:117,15,0,0
BRDA:117,15,1,0
BRDA:117,16,0,0
BRDA:117,16,1,0
BRDA:119,17,0,0
BRDA:119,17,1,0
BRDA:123,18,0,0
BRDA:123,18,1,0
BRDA:152,19,0,0
BRDA:152,19,1,0
BRDA:159,20,0,0
BRDA:159,20,1,0
BRF:42
BRH:0
end_of_record
TN:
SF:src\events.ts
FN:13,emitTransfer
FN:24,emitHostFnLog
FN:36,eventsToAsyncIterator
FN:45,(anonymous_3)
FN:60,(anonymous_4)
FN:70,(anonymous_5)
FN:77,(anonymous_6)
FN:79,(anonymous_7)
FN:83,(anonymous_8)
FN:87,(anonymous_9)
FN:100,filterAsyncIterator
FN:105,(anonymous_11)
FN:113,(anonymous_12)
FN:118,(anonymous_13)
FN:123,(anonymous_14)
FNF:15
FNH:0
FNDA:0,emitTransfer
FNDA:0,emitHostFnLog
FNDA:0,eventsToAsyncIterator
FNDA:0,(anonymous_3)
FNDA:0,(anonymous_4)
FNDA:0,(anonymous_5)
FNDA:0,(anonymous_6)
FNDA:0,(anonymous_7)
FNDA:0,(anonymous_8)
FNDA:0,(anonymous_9)
FNDA:0,filterAsyncIterator
FNDA:0,(anonymous_11)
FNDA:0,(anonymous_12)
FNDA:0,(anonymous_13)
FNDA:0,(anonymous_14)
DA:1,1
DA:8,1
DA:9,1
DA:13,1
DA:14,0
DA:19,1
DA:20,1
DA:24,1
DA:25,0
DA:36,1
DA:41,0
DA:42,0
DA:43,0
DA:45,0
DA:46,0
DA:47,0
DA:48,0
DA:49,0
DA:52,0
DA:53,0
DA:54,0
DA:58,0
DA:60,0
DA:61,0
DA:62,0
DA:63,0
DA:64,0
DA:65,0
DA:69,0
DA:71,0
DA:72,0
DA:74,0
DA:75,0
DA:77,0
DA:80,0
DA:81,0
DA:84,0
DA:85,0
DA:88,0
DA:92,0
DA:100,1
DA:104,0
DA:106,0
DA:107,0
DA:108,0
DA:109,0
DA:114,0
DA:119,0
DA:124,0
DA:128,0
LF:50
LH:9
BRDA:39,0,0,0
BRDA:46,1,0,0
BRDA:46,1,1,0
BRDA:53,2,0,0
BRDA:53,2,1,0
BRDA:61,3,0,0
BRDA:61,3,1,0
BRDA:71,4,0,0
BRDA:71,4,1,0
BRDA:74,5,0,0
BRDA:74,5,1,0
BRDA:108,6,0,0
BRDA:108,6,1,0
BRDA:108,7,0,0
BRDA:108,7,1,0
BRDA:114,8,0,0
BRDA:114,8,1,0
BRDA:119,9,0,0
BRDA:119,9,1,0
BRF:19
BRH:0
end_of_record
TN:
SF:src\indexer.ts
FN:27,resolveNftContractIds
FN:35,(anonymous_1)
FN:58,resolveSacContractIds
FN:70,(anonymous_3)
FN:127,createLoopState
FN:167,getIndexerStats
FN:178,getAllIndexerStats
FN:187,runningNetworks
FN:192,_resetIndexerLoops
FN:201,pollOnce
FN:222,(anonymous_10)
FN:223,(anonymous_11)
FN:229,(anonymous_12)
FN:237,(anonymous_13)
FN:249,(anonymous_14)
FN:250,(anonymous_15)
FN:252,(anonymous_16)
FN:260,(anonymous_17)
FN:273,(anonymous_18)
FN:274,(anonymous_19)
FN:298,startIndexer
FN:320,(anonymous_21)
FN:347,(anonymous_22)
FN:376,(anonymous_23)
FN:396,startAllIndexers
FN:403,(anonymous_25)
FN:404,(anonymous_26)
FN:406,(anonymous_27)
FN:414,sleep
FN:415,(anonymous_29)
FNF:30
FNH:7
FNDA:3,resolveNftContractIds
FNDA:3,(anonymous_1)
FNDA:7,resolveSacContractIds
FNDA:8,(anonymous_3)
FNDA:0,createLoopState
FNDA:3,getIndexerStats
FNDA:0,getAllIndexerStats
FNDA:1,runningNetworks
FNDA:21,_resetIndexerLoops
FNDA:0,pollOnce
FNDA:0,(anonymous_10)
FNDA:0,(anonymous_11)
FNDA:0,(anonymous_12)
FNDA:0,(anonymous_13)
FNDA:0,(anonymous_14)
FNDA:0,(anonymous_15)
FNDA:0,(anonymous_16)
FNDA:0,(anonymous_17)
FNDA:0,(anonymous_18)
FNDA:0,(anonymous_19)
FNDA:0,startIndexer
FNDA:0,(anonymous_21)
FNDA:0,(anonymous_22)
FNDA:0,(anonymous_23)
FNDA:0,startAllIndexers
FNDA:0,(anonymous_25)
FNDA:0,(anonymous_26)
FNDA:0,(anonymous_27)
FNDA:0,sleep
FNDA:0,(anonymous_29)
DA:1,1
DA:2,1
DA:3,1
DA:4,1
DA:14,1
DA:15,1
DA:16,1
DA:17,1
DA:18,1
DA:19,1
DA:20,1
DA:27,1
DA:28,3
DA:34,3
DA:35,3
DA:42,1
DA:44,1
DA:58,1
DA:59,7
DA:60,7
DA:63,7
DA:68,7
DA:70,8
DA:73,7
DA:74,4
DA:80,3
DA:85,1
DA:86,1
DA:87,1
DA:91,1
DA:95,1
DA:98,1
DA:124,1
DA:128,0
DA:129,0
DA:130,0
DA:132,0
DA:154,1
DA:167,1
DA:168,3
DA:169,3
DA:170,3
DA:178,1
DA:179,0
DA:180,0
DA:181,0
DA:183,0
DA:187,1
DA:188,1
DA:192,1
DA:193,21
DA:206,0
DA:207,0
DA:211,0
DA:215,0
DA:216,0
DA:217,0
DA:222,0
DA:223,0
DA:226,0
DA:229,0
DA:230,0
DA:232,0
DA:233,0
DA:236,0
DA:237,0
DA:238,0
DA:243,0
DA:244,0
DA:248,0
DA:249,0
DA:250,0
DA:251,0
DA:252,0
DA:253,0
DA:255,0
DA:259,0
DA:260,0
DA:261,0
DA:262,0
DA:265,0
DA:266,0
DA:267,0
DA:268,0
DA:269,0
DA:270,0
DA:271,0
DA:272,0
DA:273,0
DA:274,0
DA:275,0
DA:281,0
DA:283,0
DA:287,0
DA:298,1
DA:299,0
DA:302,0
DA:304,0
DA:305,0
DA:307,0
DA:308,0
DA:311,0
DA:312,0
DA:316,0
DA:320,0
DA:321,0
DA:328,0
DA:329,0
DA:330,0
DA:332,0
DA:333,0
DA:334,0
DA:335,0
DA:336,0
DA:337,0
DA:340,0
DA:341,0
DA:345,0
DA:346,0
DA:347,0
DA:348,0
DA:350,0
DA:352,0
DA:353,0
DA:356,0
DA:358,0
DA:366,0
DA:367,0
DA:369,0
DA:373,0
DA:374,0
DA:375,0
DA:376,0
DA:377,0
DA:381,0
DA:383,0
DA:396,1
DA:399,0
DA:401,0
DA:403,0
DA:404,0
DA:405,0
DA:406,0
DA:410,0
DA:411,0
DA:415,0
LF:146
LH:45
BRDA:34,0,0,3
BRDA:34,0,1,2
BRDA:34,0,2,0
BRDA:63,1,0,7
BRDA:63,1,1,6
BRDA:63,1,2,4
BRDA:63,1,3,3
BRDA:73,2,0,4
BRDA:73,2,1,3
BRDA:80,3,0,2
BRDA:80,3,1,1
BRDA:85,4,0,1
BRDA:85,4,1,0
BRDA:86,5,0,1
BRDA:86,5,1,0
BRDA:87,6,0,1
BRDA:87,6,1,1
BRDA:141,7,0,0
BRDA:141,7,1,0
BRDA:169,8,0,3
BRDA:169,8,1,3
BRDA:173,9,0,3
BRDA:173,9,1,3
BRDA:215,10,0,0
BRDA:215,10,1,0
BRDA:236,11,0,0
BRDA:236,11,1,0
BRDA:243,12,0,0
BRDA:243,12,1,0
BRDA:251,13,0,0
BRDA:251,13,1,0
BRDA:265,14,0,0
BRDA:265,14,1,0
BRDA:269,15,0,0
BRDA:269,15,1,0
BRDA:272,16,0,0
BRDA:272,16,1,0
BRDA:311,17,0,0
BRDA:311,17,1,0
BRDA:328,18,0,0
BRDA:328,18,1,0
BRDA:329,19,0,0
BRDA:329,19,1,0
BRDA:332,20,0,0
BRDA:332,20,1,0
BRDA:332,21,0,0
BRDA:332,21,1,0
BRDA:335,22,0,0
BRDA:335,22,1,0
BRDA:350,23,0,0
BRDA:350,23,1,0
BRDA:356,24,0,0
BRDA:356,24,1,0
BRDA:356,25,0,0
BRDA:356,25,1,0
BRDA:374,26,0,0
BRDA:374,26,1,0
BRDA:396,27,0,0
BRF:58
BRH:18
end_of_record
TN:
SF:src\network.ts
FN:22,isNetwork
FN:31,parseNetwork
FN:48,currentNetwork
FN:53,resolveNetwork
FN:69,enabledNetworks
FN:73,(anonymous_5)
FN:74,(anonymous_6)
FNF:7
FNH:7
FNDA:24,isNetwork
FNDA:29,parseNetwork
FNDA:14,currentNetwork
FNDA:21,resolveNetwork
FNDA:8,enabledNetworks
FNDA:14,(anonymous_5)
FNDA:14,(anonymous_6)
DA:17,1
DA:20,1
DA:22,1
DA:23,24
DA:31,1
DA:32,29
DA:33,24
DA:34,24
DA:48,1
DA:49,14
DA:53,1
DA:54,21
DA:69,1
DA:70,8
DA:71,8
DA:73,14
DA:74,14
DA:78,8
DA:79,8
LF:19
LH:19
BRDA:23,0,0,24
BRDA:23,0,1,16
BRDA:32,1,0,5
BRDA:32,1,1,24
BRDA:34,2,0,16
BRDA:34,2,1,8
BRDA:49,3,0,14
BRDA:49,3,1,5
BRDA:54,4,0,21
BRDA:54,4,1,2
BRDA:70,5,0,8
BRDA:70,5,1,2
BRDA:79,6,0,4
BRDA:79,6,1,4
BRF:14
BRH:14
end_of_record
TN:
SF:src\rpc.ts
FN:25,resolveRpcUrl
FN:52,validateNetworkConfig
FN:63,getRpc
FN:75,_resetRpcClients
FN:104,fetchEvents
FN:131,(anonymous_5)
FN:147,getLatestLedger
FN:154,withRetry
FN:171,(anonymous_8)
FN:189,fetchEventsSafe
FNF:10
FNH:4
FNDA:10,resolveRpcUrl
FNDA:2,validateNetworkConfig
FNDA:8,getRpc
FNDA:21,_resetRpcClients
FNDA:0,fetchEvents
FNDA:0,(anonymous_5)
FNDA:0,getLatestLedger
FNDA:0,withRetry
FNDA:0,(anonymous_8)
FNDA:0,fetchEventsSafe
DA:1,1
DA:2,1
DA:5,1
DA:26,10
DA:28,10
DA:29,10
DA:31,6
DA:32,3
DA:33,3
DA:36,4
DA:38,3
DA:52,1
DA:53,2
DA:54,3
DA:61,1
DA:63,1
DA:64,8
DA:65,8
DA:66,8
DA:67,7
DA:68,5
DA:69,5
DA:71,6
DA:75,1
DA:76,21
DA:104,1
DA:110,0
DA:114,0
DA:127,0
DA:131,0
DA:143,0
DA:147,1
DA:148,0
DA:149,0
DA:150,0
DA:154,1
DA:159,0
DA:160,0
DA:161,0
DA:162,0
DA:164,0
DA:165,0
DA:166,0
DA:167,0
DA:171,0
DA:189,1
DA:198,0
DA:199,0
DA:200,0
DA:201,0
DA:203,0
DA:204,0
DA:205,0
DA:206,0
DA:208,0
DA:212,0
DA:213,0
DA:214,0
DA:216,0
DA:217,0
DA:220,0
DA:221,0
DA:223,0
DA:224,0
DA:226,0
LF:65
LH:29
BRDA:28,0,0,10
BRDA:28,0,1,6
BRDA:29,1,0,4
BRDA:29,1,1,6
BRDA:31,2,0,3
BRDA:31,2,1,3
BRDA:32,3,0,3
BRDA:32,3,1,1
BRDA:33,4,0,2
BRDA:33,4,1,1
BRDA:36,5,0,1
BRDA:36,5,1,3
BRDA:52,6,0,0
BRDA:66,7,0,7
BRDA:66,7,1,1
BRDA:107,8,0,0
BRDA:122,9,0,0
BRDA:122,9,1,0
BRDA:131,10,0,0
BRDA:131,10,1,0
BRDA:137,11,0,0
BRDA:137,11,1,0
BRDA:156,12,0,0
BRDA:157,13,0,0
BRDA:165,14,0,0
BRDA:165,14,1,0
BRDA:193,15,0,0
BRDA:194,16,0,0
BRDA:198,17,0,0
BRDA:198,17,1,0
BRDA:203,18,0,0
BRDA:203,18,1,0
BRDA:204,19,0,0
BRDA:204,19,1,0
BRDA:204,20,0,0
BRDA:204,20,1,0
BRDA:216,21,0,0
BRDA:216,21,1,0
BRDA:217,22,0,0
BRDA:217,22,1,0
BRDA:217,23,0,0
BRDA:217,23,1,0
BRF:42
BRH:14
end_of_record
TN:
SF:src\db\router.ts
FN:8,withReadReplicas
FN:13,(anonymous_1)
FN:20,getReplica
FN:21,(anonymous_3)
FN:31,(anonymous_4)
FN:52,(anonymous_5)
FNF:6
FNH:1
FNDA:1,withReadReplicas
FNDA:0,(anonymous_1)
FNDA:0,getReplica
FNDA:0,(anonymous_3)
FNDA:0,(anonymous_4)
FNDA:0,(anonymous_5)
DA:1,1
DA:8,1
DA:9,1
DA:10,1
DA:13,0
DA:18,0
DA:21,0
DA:22,0
DA:23,0
DA:25,0
DA:26,0
DA:27,0
DA:31,0
DA:32,0
DA:33,0
DA:34,0
DA:35,0
DA:37,0
DA:38,0
DA:44,0
DA:45,0
DA:49,0
DA:53,0
DA:64,0
DA:65,0
DA:66,0
DA:68,0
DA:69,0
DA:70,0
DA:71,0
DA:72,0
DA:75,0
DA:81,0
DA:87,0
LF:34
LH:4
BRDA:9,0,0,1
BRDA:9,0,1,0
BRDA:22,1,0,0
BRDA:22,1,1,0
BRDA:41,2,0,0
BRDA:41,2,1,0
BRDA:44,3,0,0
BRDA:44,3,1,0
BRDA:64,4,0,0
BRDA:64,4,1,0
BRDA:68,5,0,0
BRDA:68,5,1,0
BRDA:70,6,0,0
BRDA:70,6,1,0
BRF:14
BRH:1
end_of_record
TN:
SF:src\indexer\host-fn-log.ts
FN:42,toJsonSafe
FN:47,(anonymous_10)
FN:53,scValToSafeJson
FN:68,parseHostFnEvent
FN:104,upsertHostFnLogs
FN:115,(anonymous_14)
FN:144,queryHostFnLogs
FN:167,(anonymous_16)
FNF:8
FNH:0
FNDA:0,toJsonSafe
FNDA:0,(anonymous_10)
FNDA:0,scValToSafeJson
FNDA:0,parseHostFnEvent
FNDA:0,upsertHostFnLogs
FNDA:0,(anonymous_14)
FNDA:0,queryHostFnLogs
FNDA:0,(anonymous_16)
DA:16,1
DA:17,1
DA:18,1
DA:19,1
DA:43,0
DA:44,0
DA:45,0
DA:46,0
DA:47,0
DA:50,0
DA:54,0
DA:55,0
DA:58,0
DA:68,1
DA:69,0
DA:71,0
DA:74,0
DA:75,0
DA:76,0
DA:77,0
DA:79,0
DA:82,0
DA:83,0
DA:85,0
DA:104,1
DA:108,0
DA:112,0
DA:114,0
DA:115,0
DA:130,0
DA:144,1
DA:147,0
DA:148,0
DA:150,0
DA:155,0
DA:165,0
DA:167,0
LF:37
LH:7
BRDA:43,0,0,0
BRDA:43,0,1,0
BRDA:44,1,0,0
BRDA:44,1,1,0
BRDA:45,2,0,0
BRDA:45,2,1,0
BRDA:45,3,0,0
BRDA:45,3,1,0
BRDA:71,4,0,0
BRDA:71,4,1,0
BRDA:71,5,0,0
BRDA:71,5,1,0
BRDA:76,6,0,0
BRDA:76,6,1,0
BRDA:108,7,0,0
BRDA:108,7,1,0
BRDA:120,8,0,0
BRDA:120,8,1,0
BRDA:147,9,0,0
BRDA:147,10,0,0
BRDA:152,11,0,0
BRDA:152,11,1,0
BRF:22
BRH:0
end_of_record
TN:
SF:src\indexer\parallel.ts
FN:28,partitionByContract
FN:29,(anonymous_1)
FN:37,(anonymous_2)
FN:45,runPartitionWorker
FN:80,pollParallel
FN:92,(anonymous_5)
FN:97,(anonymous_6)
FN:99,(anonymous_7)
FNF:8
FNH:0
FNDA:0,partitionByContract
FNDA:0,(anonymous_1)
FNDA:0,(anonymous_2)
FNDA:0,runPartitionWorker
FNDA:0,pollParallel
FNDA:0,(anonymous_5)
FNDA:0,(anonymous_6)
FNDA:0,(anonymous_7)
DA:15,1
DA:16,1
DA:17,1
DA:18,1
DA:19,1
DA:21,1
DA:28,1
DA:29,0
DA:30,0
DA:31,0
DA:32,0
DA:33,0
DA:35,0
DA:37,0
DA:52,0
DA:61,0
DA:62,0
DA:65,0
DA:66,0
DA:68,0
DA:69,0
DA:72,0
DA:80,1
DA:88,0
DA:89,0
DA:91,0
DA:93,0
DA:97,0
DA:98,0
DA:99,0
DA:103,0
DA:105,0
DA:106,0
DA:111,0
LF:34
LH:8
BRDA:61,0,0,0
BRDA:61,0,1,0
BRDA:68,1,0,0
BRDA:68,1,1,0
BRDA:85,2,0,0
BRDA:89,3,0,0
BRDA:89,3,1,0
BRDA:105,4,0,0
BRDA:105,4,1,0
BRF:9
BRH:0
end_of_record
TN:
SF:src\indexer\sac-detect.ts
FN:39,executableIsSac
FN:50,instanceValIsSac
FN:65,fetchInstanceVal
FN:86,(anonymous_3)
FN:94,detectSac
FN:107,(anonymous_5)
FN:118,detectSacBatch
FN:125,(anonymous_7)
FN:135,tagSacTransfers
FN:142,(anonymous_9)
FN:153,_clearSacCache
FNF:11
FNH:0
FNDA:0,executableIsSac
FNDA:0,instanceValIsSac
FNDA:0,fetchInstanceVal
FNDA:0,(anonymous_3)
FNDA:0,detectSac
FNDA:0,(anonymous_5)
FNDA:0,detectSacBatch
FNDA:0,(anonymous_7)
FNDA:0,tagSacTransfers
FNDA:0,(anonymous_9)
FNDA:0,_clearSacCache
DA:21,1
DA:22,1
DA:23,1
DA:28,1
DA:39,1
DA:40,0
DA:50,1
DA:51,0
DA:52,0
DA:54,0
DA:69,0
DA:70,0
DA:74,0
DA:77,0
DA:83,1
DA:86,1
DA:94,1
DA:99,0
DA:101,0
DA:102,0
DA:104,0
DA:105,0
DA:107,0
DA:108,0
DA:109,0
DA:110,0
DA:111,0
DA:118,1
DA:123,0
DA:124,0
DA:125,0
DA:127,0
DA:135,1
DA:140,0
DA:141,0
DA:142,0
DA:146,0
DA:147,0
DA:149,0
DA:153,1
DA:154,0
LF:41
LH:12
BRDA:51,0,0,0
BRDA:51,0,1,0
BRDA:99,1,0,0
BRDA:99,1,1,0
BRDA:105,2,0,0
BRDA:105,2,1,0
BRDA:107,3,0,0
BRDA:107,3,1,0
BRDA:109,4,0,0
BRDA:109,4,1,0
BRDA:140,5,0,0
BRDA:140,5,1,0
BRDA:147,6,0,0
BRDA:147,6,1,0
BRF:14
BRH:0
end_of_record
TN:
SF:src\indexer\sources\horizon.ts
FN:32,resolveBaseUrl
FN:36,buildUrl
FN:38,(anonymous_2)
FN:43,normalizeEvent
FN:56,fetchJson
FN:72,createHorizonSource
FN:77,(anonymous_6)
FN:85,(anonymous_7)
FN:95,(anonymous_8)
FN:104,(anonymous_9)
FN:106,(anonymous_10)
FN:107,(anonymous_11)
FN:115,(anonymous_12)
FN:116,(anonymous_13)
FNF:14
FNH:0
FNDA:0,resolveBaseUrl
FNDA:0,buildUrl
FNDA:0,(anonymous_2)
FNDA:0,normalizeEvent
FNDA:0,fetchJson
FNDA:0,createHorizonSource
FNDA:0,(anonymous_6)
FNDA:0,(anonymous_7)
FNDA:0,(anonymous_8)
FNDA:0,(anonymous_9)
FNDA:0,(anonymous_10)
FNDA:0,(anonymous_11)
FNDA:0,(anonymous_12)
FNDA:0,(anonymous_13)
DA:33,0
DA:37,0
DA:38,0
DA:40,0
DA:44,0
DA:57,0
DA:58,0
DA:61,0
DA:65,0
DA:66,0
DA:69,0
DA:72,1
DA:73,0
DA:75,0
DA:78,0
DA:79,0
DA:80,0
DA:82,0
DA:86,0
DA:88,0
DA:89,0
DA:90,0
DA:91,0
DA:93,0
DA:96,0
DA:101,0
DA:103,0
DA:104,0
DA:105,0
DA:106,0
DA:107,0
DA:109,0
DA:113,0
DA:114,0
DA:115,0
DA:116,0
DA:118,0
LF:37
LH:1
BRDA:40,0,0,0
BRDA:40,0,1,0
BRDA:45,1,0,0
BRDA:45,1,1,0
BRDA:45,1,2,0
BRDA:47,2,0,0
BRDA:47,2,1,0
BRDA:47,2,2,0
BRDA:48,3,0,0
BRDA:48,3,1,0
BRDA:48,3,2,0
BRDA:49,4,0,0
BRDA:49,4,1,0
BRDA:49,4,2,0
BRDA:50,5,0,0
BRDA:50,5,1,0
BRDA:50,5,2,0
BRDA:51,6,0,0
BRDA:51,6,1,0
BRDA:51,6,2,0
BRDA:57,7,0,0
BRDA:57,7,1,0
BRDA:65,8,0,0
BRDA:65,8,1,0
BRDA:90,9,0,0
BRDA:90,9,1,0
BRDA:95,10,0,0
BRDA:101,11,0,0
BRDA:101,11,1,0
BRDA:103,12,0,0
BRDA:103,12,1,0
BRDA:105,13,0,0
BRDA:105,13,1,0
BRDA:105,13,2,0
BRDA:106,14,0,0
BRDA:106,14,1,0
BRDA:114,15,0,0
BRDA:114,15,1,0
BRDA:114,15,2,0
BRDA:115,16,0,0
BRDA:115,16,1,0
BRF:41
BRH:0
end_of_record
TN:
SF:src\indexer\sources\index.ts
FN:25,isTruthySource
FN:29,createSourceSwitcherWithConfig
FN:46,(anonymous_2)
FN:60,(anonymous_3)
FN:63,(anonymous_4)
FN:79,(anonymous_5)
FN:85,createSourceSwitcher
FNF:7
FNH:0
FNDA:0,isTruthySource
FNDA:0,createSourceSwitcherWithConfig
FNDA:0,(anonymous_2)
FNDA:0,(anonymous_3)
FNDA:0,(anonymous_4)
FNDA:0,(anonymous_5)
FNDA:0,createSourceSwitcher
DA:2,1
DA:3,1
DA:26,0
DA:29,1
DA:30,0
DA:40,0
DA:41,0
DA:44,0
DA:46,0
DA:47,0
DA:49,0
DA:50,0
DA:51,0
DA:52,0
DA:56,0
DA:59,0
DA:61,0
DA:64,0
DA:65,0
DA:66,0
DA:68,0
DA:69,0
DA:70,0
DA:72,0
DA:73,0
DA:76,0
DA:80,0
DA:85,1
DA:86,0
LF:29
LH:4
BRDA:32,0,0,0
BRDA:32,0,1,0
BRDA:35,1,0,0
BRDA:35,1,1,0
BRDA:40,2,0,0
BRDA:40,2,1,0
BRDA:47,3,0,0
BRDA:47,3,1,0
BRDA:50,4,0,0
BRDA:50,4,1,0
BRDA:69,5,0,0
BRDA:69,5,1,0
BRDA:70,6,0,0
BRDA:70,6,1,0
BRF:14
BRH:0
end_of_record
TN:
SF:src\indexer\sources\rpc.ts
FN:20,createRpcSource
FN:23,(anonymous_1)
FN:31,(anonymous_2)
FN:32,(anonymous_3)
FNF:4
FNH:0
FNDA:0,createRpcSource
FNDA:0,(anonymous_1)
FNDA:0,(anonymous_2)
FNDA:0,(anonymous_3)
DA:1,1
DA:20,1
DA:21,0
DA:24,0
DA:25,0
DA:26,0
DA:28,0
DA:31,0
DA:33,0
LF:9
LH:2
BRF:0
BRH:0
end_of_record
TN:
SF:src\ingester\nft.ts
FN:40,isNftTransferEvent
FN:55,decodeTokenId
FN:73,parseNftTransferEvent
FN:98,parseNftEvents
FN:119,fetchNftMetadata
FNF:5
FNH:0
FNDA:0,isNftTransferEvent
FNDA:0,decodeTokenId
FNDA:0,parseNftTransferEvent
FNDA:0,parseNftEvents
FNDA:0,fetchNftMetadata
DA:1,1
DA:11,1
DA:12,1
DA:40,1
DA:41,0
DA:42,0
DA:43,0
DA:44,0
DA:45,0
DA:46,0
DA:48,0
DA:50,0
DA:56,0
DA:57,0
DA:58,0
DA:59,0
DA:60,0
DA:61,0
DA:62,0
DA:65,0
DA:73,1
DA:74,0
DA:75,0
DA:76,0
DA:77,0
DA:78,0
DA:79,0
DA:80,0
DA:91,0
DA:98,1
DA:101,0
DA:102,0
DA:103,0
DA:104,0
DA:105,0
DA:106,0
DA:109,0
DA:119,1
DA:128,0
DA:129,0
DA:132,0
DA:136,0
DA:137,0
DA:138,0
DA:141,0
DA:142,0
DA:146,0
DA:147,0
DA:148,0
DA:149,0
DA:156,0
DA:157,0
DA:161,0
DA:162,0
DA:163,0
DA:164,0
DA:170,0
LF:57
LH:7
BRDA:41,0,0,0
BRDA:41,0,1,0
BRDA:41,1,0,0
BRDA:41,1,1,0
BRDA:44,2,0,0
BRDA:44,2,1,0
BRDA:45,3,0,0
BRDA:45,3,1,0
BRDA:46,4,0,0
BRDA:46,4,1,0
BRDA:58,5,0,0
BRDA:58,5,1,0
BRDA:59,6,0,0
BRDA:59,6,1,0
BRDA:60,7,0,0
BRDA:60,7,1,0
BRDA:61,8,0,0
BRDA:61,8,1,0
BRDA:74,9,0,0
BRDA:74,9,1,0
BRDA:103,10,0,0
BRDA:103,10,1,0
BRDA:105,11,0,0
BRDA:105,11,1,0
BRDA:129,12,0,0
BRDA:129,12,1,0
BRDA:147,13,0,0
BRDA:147,13,1,0
BRDA:147,14,0,0
BRDA:147,14,1,0
BRDA:149,15,0,0
BRDA:149,15,1,0
BRDA:162,16,0,0
BRDA:162,16,1,0
BRDA:162,17,0,0
BRDA:162,17,1,0
BRDA:164,18,0,0
BRDA:164,18,1,0
BRF:38
BRH:0
end_of_record
TN:
SF:src\lib\odata.ts
FN:13,splitAndClauses
FN:53,parseStringLiteral
FN:61,parseClause
FN:85,parseComparisonValue
FN:112,parseODataFilter
FN:126,(anonymous_5)
FN:162,parseODataSelect
FN:168,(anonymous_7)
FN:188,encodeCursor
FN:192,decodeCursor
FN:208,projectRecord
FNF:11
FNH:0
FNDA:0,splitAndClauses
FNDA:0,parseStringLiteral
FNDA:0,parseClause
FNDA:0,parseComparisonValue
FNDA:0,parseODataFilter
FNDA:0,(anonymous_5)
FNDA:0,parseODataSelect
FNDA:0,(anonymous_7)
FNDA:0,encodeCursor
FNDA:0,decodeCursor
FNDA:0,projectRecord
DA:14,0
DA:15,0
DA:16,0
DA:17,0
DA:19,0
DA:20,0
DA:21,0
DA:23,0
DA:24,0
DA:25,0
DA:26,0
DA:27,0
DA:28,0
DA:30,0
DA:31,0
DA:34,0
DA:35,0
DA:36,0
DA:38,0
DA:39,0
DA:40,0
DA:41,0
DA:42,0
DA:46,0
DA:49,0
DA:50,0
DA:54,0
DA:55,0
DA:58,0
DA:62,0
DA:63,0
DA:64,0
DA:71,0
DA:72,0
DA:73,0
DA:76,0
DA:77,0
DA:86,0
DA:87,0
DA:88,0
DA:91,0
DA:92,0
DA:93,0
DA:94,0
DA:95,0
DA:96,0
DA:98,0
DA:101,0
DA:102,0
DA:105,0
DA:106,0
DA:107,0
DA:109,0
DA:112,1
DA:116,0
DA:117,0
DA:119,0
DA:120,0
DA:123,0
DA:124,0
DA:126,0
DA:127,0
DA:128,0
DA:129,0
DA:130,0
DA:133,0
DA:134,0
DA:135,0
DA:138,0
DA:146,0
DA:148,0
DA:149,0
DA:152,0
DA:159,0
DA:162,1
DA:163,0
DA:164,0
DA:166,0
DA:168,0
DA:171,0
DA:173,0
DA:174,0
DA:175,0
DA:176,0
DA:177,0
DA:179,0
DA:180,0
DA:182,0
DA:185,0
DA:188,1
DA:189,0
DA:192,1
DA:193,0
DA:194,0
DA:196,0
DA:197,0
DA:198,0
DA:199,0
DA:205,0
DA:208,1
DA:213,0
DA:214,0
DA:216,0
DA:217,0
DA:218,0
DA:219,0
DA:222,0
DA:223,0
DA:224,0
DA:228,0
DA:229,0
DA:230,0
DA:234,0
LF:113
LH:5
BRDA:23,0,0,0
BRDA:23,0,1,0
BRDA:25,1,0,0
BRDA:25,1,1,0
BRDA:25,2,0,0
BRDA:25,2,1,0
BRDA:34,3,0,0
BRDA:34,3,1,0
BRDA:35,4,0,0
BRDA:35,4,1,0
BRDA:36,5,0,0
BRDA:36,5,1,0
BRDA:38,6,0,0
BRDA:38,6,1,0
BRDA:38,7,0,0
BRDA:38,7,1,0
BRDA:49,8,0,0
BRDA:49,8,1,0
BRDA:54,9,0,0
BRDA:54,9,1,0
BRDA:54,10,0,0
BRDA:54,10,1,0
BRDA:63,11,0,0
BRDA:63,11,1,0
BRDA:72,12,0,0
BRDA:72,12,1,0
BRDA:86,13,0,0
BRDA:86,13,1,0
BRDA:87,14,0,0
BRDA:87,14,1,0
BRDA:91,15,0,0
BRDA:91,15,1,0
BRDA:93,16,0,0
BRDA:93,16,1,0
BRDA:94,17,0,0
BRDA:94,17,1,0
BRDA:94,18,0,0
BRDA:94,18,1,0
BRDA:96,19,0,0
BRDA:96,19,1,0
BRDA:102,20,0,0
BRDA:102,20,1,0
BRDA:102,21,0,0
BRDA:102,21,1,0
BRDA:106,22,0,0
BRDA:106,22,1,0
BRDA:117,23,0,0
BRDA:117,23,1,0
BRDA:119,24,0,0
BRDA:119,24,1,0
BRDA:124,25,0,0
BRDA:124,25,1,0
BRDA:129,26,0,0
BRDA:129,26,1,0
BRDA:133,27,0,0
BRDA:133,27,1,0
BRDA:134,28,0,0
BRDA:134,28,1,0
BRDA:148,29,0,0
BRDA:148,29,1,0
BRDA:159,30,0,0
BRDA:159,30,1,0
BRDA:164,31,0,0
BRDA:164,31,1,0
BRDA:171,32,0,0
BRDA:171,32,1,0
BRDA:176,33,0,0
BRDA:176,33,1,0
BRDA:179,34,0,0
BRDA:179,34,1,0
BRDA:182,35,0,0
BRDA:182,35,1,0
BRDA:194,36,0,0
BRDA:194,36,1,0
BRDA:198,37,0,0
BRDA:198,37,1,0
BRDA:198,38,0,0
BRDA:198,38,1,0
BRDA:211,39,0,0
BRDA:214,40,0,0
BRDA:214,40,1,0
BRDA:217,41,0,0
BRDA:217,41,1,0
BRDA:223,42,0,0
BRDA:223,42,1,0
BRDA:228,43,0,0
BRDA:228,43,1,0
BRF:87
BRH:0
end_of_record
